#
# A fatal error has been detected by the Java Runtime Environment:
#
#  EXCEPTION_ACCESS_VIOLATION (0xc0000005) at pc=0x00007fffe891cf5d, pid=2992, tid=28200
#
# JRE version: Java(TM) SE Runtime Environment (17.0.7+8) (build 17.0.7+8-LTS-224)
# Java VM: Java HotSpot(TM) 64-Bit Server VM (17.0.7+8-LTS-224, mixed mode, sharing, tiered, compressed oops, compressed class ptrs, g1 gc, windows-amd64)
# Problematic frame:
# V  [jvm.dll+0x32cf5d]
#
# No core dump will be written. Minidumps are not enabled by default on client versions of Windows
#
# If you would like to submit a bug report, please visit:
#   https://bugreport.java.com/bugreport/crash.jsp
#

---------------  S U M M A R Y ------------

Command Line: -Dclassworlds.conf=C:/Program Files/apache-maven-3.9.1/bin/m2.conf -Dmaven.home=C:/Program Files/apache-maven-3.9.1 -Dlibrary.jansi.path=C:/Program Files/apache-maven-3.9.1/lib/jansi-native -Dmaven.multiModuleProjectDirectory=C:/Users/Andrea Barutta/Desktop/Assignment 2/MTSS_Assignment_2 org.codehaus.plexus.classworlds.launcher.Launcher verify

Host: Intel(R) Core(TM) i5-10400 CPU @ 2.90GHz, 12 cores, 15G,  Windows 11 , 64 bit Build 22000 (10.0.22000.1761)
Time: Fri May  5 21:20:48 2023 ora legale Europa occidentale elapsed time: 1.966939 seconds (0d 0h 0m 1s)

---------------  T H R E A D  ---------------

Current thread (0x0000024127db0160):  JavaThread "C2 CompilerThread2" daemon [_thread_in_native, id=28200, stack(0x000000a324e00000,0x000000a324f00000)]


Current CompileTask:
C2:   1966 4942       4       org.apache.maven.model.merge.ModelMerger::mergePlugin_Dependencies (26 bytes)

Stack: [0x000000a324e00000,0x000000a324f00000],  sp=0x000000a324efb7f0,  free space=1005k
Native frames: (J=compiled Java code, j=interpreted, Vv=VM code, C=native code)
V  [jvm.dll+0x32cf5d]
V  [jvm.dll+0x32e0f6]
V  [jvm.dll+0x32b9aa]
V  [jvm.dll+0x32b03a]
V  [jvm.dll+0x217acf]
V  [jvm.dll+0x216f01]
V  [jvm.dll+0x1a35e0]
V  [jvm.dll+0x226a6e]
V  [jvm.dll+0x224e15]
V  [jvm.dll+0x78d05c]
V  [jvm.dll+0x78759a]
V  [jvm.dll+0x675875]
C  [ucrtbase.dll+0x26c0c]
C  [KERNEL32.DLL+0x15590]
C  [ntdll.dll+0x485b]


siginfo: EXCEPTION_ACCESS_VIOLATION (0xc0000005), reading address 0x0000000000000028


Register to memory mapping:

RIP=0x00007fffe891cf5d jvm.dll
RAX=0x0000000000000001 is an unknown value
RBX=0x0 is NULL
RCX=0x00000241274340a8 points into unknown readable memory: 0x00007fffe8e351d8 | d8 51 e3 e8 ff 7f 00 00
RDX=0x000000000000007e is an unknown value
RSP=0x000000a324efb7f0 is pointing into the stack for thread: 0x0000024127db0160
RBP=0x0000000000000007 is an unknown value
RSI=0x0000024127b3a7c8 points into unknown readable memory: 0x00007fffe8e4a018 | 18 a0 e4 e8 ff 7f 00 00
RDI=0x0000000000000003 is an unknown value
R8 =0x000000a324efb938 is pointing into the stack for thread: 0x0000024127db0160
R9 =0x0000024128283358 points into unknown readable memory: 0x0000024127b3b4b8 | b8 b4 b3 27 41 02 00 00
R10=0x0000024128283360 points into unknown readable memory: 0x0000024127b3c490 | 90 c4 b3 27 41 02 00 00
R11=0x0 is NULL
R12=0x0000024127b39a00 points into unknown readable memory: 0x000002080000006b | 6b 00 00 00 08 02 00 00
R13=0x000000a324efbd70 is pointing into the stack for thread: 0x0000024127db0160
R14=0x0000024127b39ae8 points into unknown readable memory: 0x00007fffe8e45728 | 28 57 e4 e8 ff 7f 00 00
R15=0x000000a324efb850 is pointing into the stack for thread: 0x0000024127db0160


Registers:
RAX=0x0000000000000001, RBX=0x0000000000000000, RCX=0x00000241274340a8, RDX=0x000000000000007e
RSP=0x000000a324efb7f0, RBP=0x0000000000000007, RSI=0x0000024127b3a7c8, RDI=0x0000000000000003
R8 =0x000000a324efb938, R9 =0x0000024128283358, R10=0x0000024128283360, R11=0x0000000000000000
R12=0x0000024127b39a00, R13=0x000000a324efbd70, R14=0x0000024127b39ae8, R15=0x000000a324efb850
RIP=0x00007fffe891cf5d, EFLAGS=0x0000000000010206

Top of Stack: (sp=0x000000a324efb7f0)
0x000000a324efb7f0:   0000024127b3c490 000000a324efbd70
0x000000a324efb800:   0000024129a932d8 0000024127b3c490
0x000000a324efb810:   0000024127b3a360 0000024127b3c490
0x000000a324efb820:   0000024129a932d8 00007fffe891e0f6
0x000000a324efb830:   0000024128c700c8 0000024127b3c530
0x000000a324efb840:   0000024128c70578 0000024127b3c501
0x000000a324efb850:   000000a324efb938 000000a324efb918
0x000000a324efb860:   000000a324efbd70 0000024127f21d40
0x000000a324efb870:   0000000000000000 0000024127de90b8
0x000000a324efb880:   000000a324efbd70 0000000000000457
0x000000a324efb890:   000000a324efb9a0 00007fffe891b9aa
0x000000a324efb8a0:   0000024127de5d20 0000024127de18e0
0x000000a324efb8b0:   0000024127f21d40 0000024127de5d20
0x000000a324efb8c0:   0000000000000048 0000000000000001
0x000000a324efb8d0:   0000000000000000 0000000000000000
0x000000a324efb8e0:   0000000000000000 0000000000000000 

Instructions: (pc=0x00007fffe891cf5d)
0x00007fffe891ce5d:   48 8b 6c 24 48 48 8b 74 24 50 48 83 c4 20 41 5f
0x00007fffe891ce6d:   41 5e 5f e9 0b 18 00 00 cc cc cc cc cc cc cc cc
0x00007fffe891ce7d:   cc cc cc 41 57 48 83 ec 30 48 8b 51 08 4c 8b f9
0x00007fffe891ce8d:   4c 8b 02 49 8b c0 48 2b 42 10 48 83 c0 10 48 c1
0x00007fffe891ce9d:   e8 04 85 c0 75 09 33 c0 48 83 c4 30 41 5f c3 48
0x00007fffe891cead:   89 5c 24 40 49 8d 40 f0 48 89 6c 24 48 48 89 74
0x00007fffe891cebd:   24 50 48 89 7c 24 58 4c 89 64 24 28 4d 8b 20 4c
0x00007fffe891cecd:   89 74 24 20 4d 8b f4 49 83 e6 fe 41 80 e4 01 41
0x00007fffe891cedd:   8b 7e 20 41 39 78 08 41 0f 42 78 08 48 89 02 0f
0x00007fffe891ceed:   1f 40 00 41 8b 76 28 8b de 49 8b 2f c1 eb 05 3b
0x00007fffe891cefd:   5d 00 72 0a 8b d3 48 8b cd e8 b5 3d 49 00 48 8b
0x00007fffe891cf0d:   45 08 83 e6 1f 48 8d 14 98 8b 04 98 0f ab f0 89
0x00007fffe891cf1d:   02 41 8b 46 2c 24 0f 3c 08 75 09 49 8b 46 08 48
0x00007fffe891cf2d:   8b 08 eb 03 49 8b ce 49 8b 47 10 33 f6 8b 51 28
0x00007fffe891cf3d:   48 8b 48 78 48 8b 04 d1 8b 68 68 85 ff 0f 84 b2
0x00007fffe891cf4d:   00 00 00 49 8b 5e 10 ff cf 4d 8b 07 48 8b 1c fb
0x00007fffe891cf5d:   8b 4b 28 8b c1 c1 e8 05 41 3b 00 73 11 8b d0 83
0x00007fffe891cf6d:   e1 1f 49 8b 40 08 8b 04 90 0f a3 c8 72 47 8b 43
0x00007fffe891cf7d:   2c 24 0f 3c 08 75 09 48 8b 43 08 4c 8b 00 eb 03
0x00007fffe891cf8d:   4c 8b c3 49 8b 47 10 41 8b 50 28 48 8b 48 78 48
0x00007fffe891cf9d:   8b 04 d1 39 68 68 72 1d 75 0b 41 8b 40 2c 83 e0
0x00007fffe891cfad:   0f 3c 0c 74 10 48 8b cb 48 8b f3 e8 e3 92 32 00
0x00007fffe891cfbd:   41 3a c4 74 04 85 ff 75 8a 48 85 f6 74 37 49 8b
0x00007fffe891cfcd:   5f 08 48 83 03 10 48 8b 03 48 3b 43 08 72 08 48
0x00007fffe891cfdd:   8b cb e8 7c 83 32 00 48 8b 0b 41 0f b6 c4 49 0b
0x00007fffe891cfed:   c6 4c 8b f6 45 32 e4 48 89 01 89 79 08 8b 7e 20
0x00007fffe891cffd:   e9 ee fe ff ff 45 84 e4 75 0c 41 8b 7e 20 41 b4
0x00007fffe891d00d:   01 e9 dd fe ff ff 4c 8b 64 24 28 49 8b c6 4c 8b
0x00007fffe891d01d:   74 24 20 48 8b 7c 24 58 48 8b 74 24 50 48 8b 6c
0x00007fffe891d02d:   24 48 48 8b 5c 24 40 48 83 c4 30 41 5f c3 cc cc
0x00007fffe891d03d:   cc cc cc 48 89 5c 24 08 48 89 74 24 10 48 89 7c
0x00007fffe891d04d:   24 18 41 56 48 83 ec 20 8b 59 28 48 8b f9 ff cb 


Stack slot to memory mapping:
stack at sp + 0 slots: 0x0000024127b3c490 points into unknown readable memory: 0x00007fffe8e4a018 | 18 a0 e4 e8 ff 7f 00 00
stack at sp + 1 slots: 0x000000a324efbd70 is pointing into the stack for thread: 0x0000024127db0160
stack at sp + 2 slots: 0x0000024129a932d8 points into unknown readable memory: 0x0000024129a972d8 | d8 72 a9 29 41 02 00 00
stack at sp + 3 slots: 0x0000024127b3c490 points into unknown readable memory: 0x00007fffe8e4a018 | 18 a0 e4 e8 ff 7f 00 00
stack at sp + 4 slots: 0x0000024127b3a360 points into unknown readable memory: 0x00007fffe8eaae80 | 80 ae ea e8 ff 7f 00 00
stack at sp + 5 slots: 0x0000024127b3c490 points into unknown readable memory: 0x00007fffe8e4a018 | 18 a0 e4 e8 ff 7f 00 00
stack at sp + 6 slots: 0x0000024129a932d8 points into unknown readable memory: 0x0000024129a972d8 | d8 72 a9 29 41 02 00 00
stack at sp + 7 slots: 0x00007fffe891e0f6 jvm.dll


---------------  P R O C E S S  ---------------

Threads class SMR info:
_java_thread_list=0x0000024127af1f60, length=14, elements={
0x00000241037e02c0, 0x00000241268d1e60, 0x00000241268d2a10, 0x00000241268ec2f0,
0x00000241268ecbb0, 0x00000241268ed560, 0x00000241268edf10, 0x00000241268eebf0,
0x00000241268ef690, 0x00000241268f0080, 0x0000024127526a10, 0x0000024127529370,
0x000002412773bc80, 0x0000024127db0160
}

Java Threads: ( => current thread )
  0x00000241037e02c0 JavaThread "main" [_thread_in_native, id=25080, stack(0x000000a323a00000,0x000000a323b00000)]
  0x00000241268d1e60 JavaThread "Reference Handler" daemon [_thread_blocked, id=22296, stack(0x000000a324100000,0x000000a324200000)]
  0x00000241268d2a10 JavaThread "Finalizer" daemon [_thread_blocked, id=1784, stack(0x000000a324200000,0x000000a324300000)]
  0x00000241268ec2f0 JavaThread "Signal Dispatcher" daemon [_thread_blocked, id=27848, stack(0x000000a324300000,0x000000a324400000)]
  0x00000241268ecbb0 JavaThread "Attach Listener" daemon [_thread_blocked, id=20024, stack(0x000000a324400000,0x000000a324500000)]
  0x00000241268ed560 JavaThread "Service Thread" daemon [_thread_blocked, id=29280, stack(0x000000a324500000,0x000000a324600000)]
  0x00000241268edf10 JavaThread "Monitor Deflation Thread" daemon [_thread_blocked, id=21296, stack(0x000000a324600000,0x000000a324700000)]
  0x00000241268eebf0 JavaThread "C2 CompilerThread0" daemon [_thread_in_native, id=28708, stack(0x000000a324700000,0x000000a324800000)]
  0x00000241268ef690 JavaThread "C1 CompilerThread0" daemon [_thread_in_vm, id=7500, stack(0x000000a324800000,0x000000a324900000)]
  0x00000241268f0080 JavaThread "Sweeper thread" daemon [_thread_blocked, id=26480, stack(0x000000a324900000,0x000000a324a00000)]
  0x0000024127526a10 JavaThread "Notification Thread" daemon [_thread_blocked, id=12252, stack(0x000000a324a00000,0x000000a324b00000)]
  0x0000024127529370 JavaThread "Common-Cleaner" daemon [_thread_blocked, id=20812, stack(0x000000a324c00000,0x000000a324d00000)]
  0x000002412773bc80 JavaThread "C2 CompilerThread1" daemon [_thread_in_native, id=25292, stack(0x000000a324d00000,0x000000a324e00000)]
=>0x0000024127db0160 JavaThread "C2 CompilerThread2" daemon [_thread_in_native, id=28200, stack(0x000000a324e00000,0x000000a324f00000)]

Other Threads:
  0x00000241268ce3d0 VMThread "VM Thread" [stack: 0x000000a324000000,0x000000a324100000] [id=26272]
  0x0000024103877570 WatcherThread [stack: 0x000000a324b00000,0x000000a324c00000] [id=22128]
  0x000002410384eee0 GCTaskThread "GC Thread#0" [stack: 0x000000a323b00000,0x000000a323c00000] [id=23512]
  0x00000241275ce110 GCTaskThread "GC Thread#1" [stack: 0x000000a324f00000,0x000000a325000000] [id=21520]
  0x0000024127b6b9c0 GCTaskThread "GC Thread#2" [stack: 0x000000a325000000,0x000000a325100000] [id=4264]
  0x0000024127b6bc70 GCTaskThread "GC Thread#3" [stack: 0x000000a325100000,0x000000a325200000] [id=1676]
  0x0000024127b6bf20 GCTaskThread "GC Thread#4" [stack: 0x000000a325200000,0x000000a325300000] [id=28592]
  0x0000024127b6c1d0 GCTaskThread "GC Thread#5" [stack: 0x000000a325300000,0x000000a325400000] [id=22868]
  0x000002412825a450 GCTaskThread "GC Thread#6" [stack: 0x000000a325400000,0x000000a325500000] [id=21180]
  0x0000024127ffecd0 GCTaskThread "GC Thread#7" [stack: 0x000000a325500000,0x000000a325600000] [id=13400]
  0x0000024127f20cb0 GCTaskThread "GC Thread#8" [stack: 0x000000a325600000,0x000000a325700000] [id=29644]
  0x0000024127d00a90 GCTaskThread "GC Thread#9" [stack: 0x000000a325700000,0x000000a325800000] [id=6628]
  0x000002410385fd00 ConcurrentGCThread "G1 Main Marker" [stack: 0x000000a323c00000,0x000000a323d00000] [id=11976]
  0x0000024103860eb0 ConcurrentGCThread "G1 Conc#0" [stack: 0x000000a323d00000,0x000000a323e00000] [id=13848]
  0x0000024128a420a0 ConcurrentGCThread "G1 Conc#1" [stack: 0x000000a325800000,0x000000a325900000] [id=18220]
  0x0000024128a42350 ConcurrentGCThread "G1 Conc#2" [stack: 0x000000a325900000,0x000000a325a00000] [id=1832]
  0x00000241267824d0 ConcurrentGCThread "G1 Refine#0" [stack: 0x000000a323e00000,0x000000a323f00000] [id=9624]
  0x0000024126783cb0 ConcurrentGCThread "G1 Service" [stack: 0x000000a323f00000,0x000000a324000000] [id=10408]

Threads with active compile tasks:
C2 CompilerThread0     1990 4966       4       org.apache.maven.model.interpolation.StringVisitorModelInterpolator$ModelVisitor::visit (117 bytes)
C1 CompilerThread0     1990 5020       3       sun.nio.ch.IOUtil::acquireScope (11 bytes)
C2 CompilerThread1     1990 4952       4       org.apache.maven.model.Dependency::getManagementKey (94 bytes)
C2 CompilerThread2     1990 4942       4       org.apache.maven.model.merge.ModelMerger::mergePlugin_Dependencies (26 bytes)

VM state: not at safepoint (normal execution)

VM Mutex/Monitor currently owned by a thread: None

Heap address: 0x0000000702800000, size: 4056 MB, Compressed Oops mode: Zero based, Oop shift amount: 3

CDS archive(s) mapped at: [0x0000000800000000-0x0000000800bd0000-0x0000000800bd0000), size 12386304, SharedBaseAddress: 0x0000000800000000, ArchiveRelocationMode: 0.
Compressed class space mapped at: 0x0000000800c00000-0x0000000840c00000, reserved size: 1073741824
Narrow klass base: 0x0000000800000000, Narrow klass shift: 0, Narrow klass range: 0x100000000

GC Precious Log:
 CPUs: 12 total, 12 available
 Memory: 16216M
 Large Page Support: Disabled
 NUMA Support: Disabled
 Compressed Oops: Enabled (Zero based)
 Heap Region Size: 2M
 Heap Min Capacity: 8M
 Heap Initial Capacity: 254M
 Heap Max Capacity: 4056M
 Pre-touch: Disabled
 Parallel Workers: 10
 Concurrent Workers: 3
 Concurrent Refinement Workers: 10
 Periodic GC: Disabled

Heap:
 garbage-first heap   total 55296K, used 35109K [0x0000000702800000, 0x0000000800000000)
  region size 2048K, 17 young (34816K), 5 survivors (10240K)
 Metaspace       used 25397K, committed 25664K, reserved 1073152K
  class space    used 3019K, committed 3136K, reserved 1048576K

Heap Regions: E=young(eden), S=young(survivor), O=old, HS=humongous(starts), HC=humongous(continues), CS=collection set, F=free, OA=open archive, CA=closed archive, TAMS=top-at-mark-start (previous, next)
|   0|0x0000000702800000, 0x0000000702a00000, 0x0000000702a00000|100%| O|  |TAMS 0x0000000702a00000, 0x0000000702800000| Untracked 
|   1|0x0000000702a00000, 0x0000000702b5a600, 0x0000000702c00000| 67%| O|  |TAMS 0x0000000702b5a600, 0x0000000702a00000| Complete 
|   2|0x0000000702c00000, 0x0000000702c00000, 0x0000000702e00000|  0%| F|  |TAMS 0x0000000702c00000, 0x0000000702c00000| Untracked 
|   3|0x0000000702e00000, 0x0000000702e00000, 0x0000000703000000|  0%| F|  |TAMS 0x0000000702e00000, 0x0000000702e00000| Untracked 
|   4|0x0000000703000000, 0x0000000703000000, 0x0000000703200000|  0%| F|  |TAMS 0x0000000703000000, 0x0000000703000000| Untracked 
|   5|0x0000000703200000, 0x0000000703200000, 0x0000000703400000|  0%| F|  |TAMS 0x0000000703200000, 0x0000000703200000| Untracked 
|   6|0x0000000703400000, 0x0000000703400000, 0x0000000703600000|  0%| F|  |TAMS 0x0000000703400000, 0x0000000703400000| Untracked 
|   7|0x0000000703600000, 0x0000000703600000, 0x0000000703800000|  0%| F|  |TAMS 0x0000000703600000, 0x0000000703600000| Untracked 
|   8|0x0000000703800000, 0x0000000703800000, 0x0000000703a00000|  0%| F|  |TAMS 0x0000000703800000, 0x0000000703800000| Untracked 
|   9|0x0000000703a00000, 0x0000000703a00000, 0x0000000703c00000|  0%| F|  |TAMS 0x0000000703a00000, 0x0000000703a00000| Untracked 
|  10|0x0000000703c00000, 0x0000000703e00000, 0x0000000703e00000|100%| E|  |TAMS 0x0000000703c00000, 0x0000000703c00000| Complete 
|  11|0x0000000703e00000, 0x0000000704000000, 0x0000000704000000|100%| E|CS|TAMS 0x0000000703e00000, 0x0000000703e00000| Complete 
|  12|0x0000000704000000, 0x0000000704200000, 0x0000000704200000|100%| E|CS|TAMS 0x0000000704000000, 0x0000000704000000| Complete 
|  13|0x0000000704200000, 0x0000000704400000, 0x0000000704400000|100%| E|CS|TAMS 0x0000000704200000, 0x0000000704200000| Complete 
|  14|0x0000000704400000, 0x0000000704600000, 0x0000000704600000|100%| E|CS|TAMS 0x0000000704400000, 0x0000000704400000| Complete 
|  15|0x0000000704600000, 0x0000000704800000, 0x0000000704800000|100%| E|CS|TAMS 0x0000000704600000, 0x0000000704600000| Complete 
|  16|0x0000000704800000, 0x0000000704a00000, 0x0000000704a00000|100%| E|CS|TAMS 0x0000000704800000, 0x0000000704800000| Complete 
|  17|0x0000000704a00000, 0x0000000704c00000, 0x0000000704c00000|100%| E|CS|TAMS 0x0000000704a00000, 0x0000000704a00000| Complete 
|  18|0x0000000704c00000, 0x0000000704e00000, 0x0000000704e00000|100%| E|CS|TAMS 0x0000000704c00000, 0x0000000704c00000| Complete 
|  19|0x0000000704e00000, 0x0000000705000000, 0x0000000705000000|100%| E|CS|TAMS 0x0000000704e00000, 0x0000000704e00000| Complete 
|  20|0x0000000705000000, 0x0000000705200000, 0x0000000705200000|100%| E|CS|TAMS 0x0000000705000000, 0x0000000705000000| Complete 
|  74|0x000000070bc00000, 0x000000070bcef110, 0x000000070be00000| 46%| S|CS|TAMS 0x000000070bc00000, 0x000000070bc00000| Complete 
|  75|0x000000070be00000, 0x000000070c000000, 0x000000070c000000|100%| S|CS|TAMS 0x000000070be00000, 0x000000070be00000| Complete 
|  76|0x000000070c000000, 0x000000070c200000, 0x000000070c200000|100%| S|CS|TAMS 0x000000070c000000, 0x000000070c000000| Complete 
|  77|0x000000070c200000, 0x000000070c400000, 0x000000070c400000|100%| S|CS|TAMS 0x000000070c200000, 0x000000070c200000| Complete 
|  78|0x000000070c400000, 0x000000070c600000, 0x000000070c600000|100%| S|CS|TAMS 0x000000070c400000, 0x000000070c400000| Complete 
| 126|0x0000000712400000, 0x0000000712600000, 0x0000000712600000|100%| E|CS|TAMS 0x0000000712400000, 0x0000000712400000| Complete 

Card table byte_map: [0x000002411adb0000,0x000002411b5a0000] _byte_map_base: 0x000002411759c000

Marking Bits (Prev, Next): (CMBitMap*) 0x000002410384f530, (CMBitMap*) 0x000002410384f4f0
 Prev Bits: [0x000002411fcf0000, 0x0000024123c50000)
 Next Bits: [0x000002411bd90000, 0x000002411fcf0000)

Polling page: 0x0000024102fc0000

Metaspace:

Usage:
  Non-class:     21.85 MB used.
      Class:      2.95 MB used.
       Both:     24.80 MB used.

Virtual space:
  Non-class space:       24.00 MB reserved,      22.00 MB ( 92%) committed,  3 nodes.
      Class space:        1.00 GB reserved,       3.06 MB ( <1%) committed,  1 nodes.
             Both:        1.02 GB reserved,      25.06 MB (  2%) committed. 

Chunk freelists:
   Non-Class:  1.33 MB
       Class:  911.00 KB
        Both:  2.22 MB

MaxMetaspaceSize: unlimited
CompressedClassSpaceSize: 1.00 GB
Initial GC threshold: 21.00 MB
Current GC threshold: 35.31 MB
CDS: on
MetaspaceReclaimPolicy: balanced
 - commit_granule_bytes: 65536.
 - commit_granule_words: 8192.
 - virtual_space_node_default_size: 1048576.
 - enlarge_chunks_in_place: 1.
 - new_chunks_are_fully_committed: 0.
 - uncommit_free_chunks: 1.
 - use_allocation_guard: 0.
 - handle_deallocations: 1.


Internal statistics:

num_allocs_failed_limit: 3.
num_arena_births: 142.
num_arena_deaths: 0.
num_vsnodes_births: 4.
num_vsnodes_deaths: 0.
num_space_committed: 401.
num_space_uncommitted: 0.
num_chunks_returned_to_freelist: 3.
num_chunks_taken_from_freelist: 1026.
num_chunk_merges: 3.
num_chunk_splits: 754.
num_chunks_enlarged: 617.
num_purges: 0.
num_inconsistent_stats: 0.

CodeHeap 'non-profiled nmethods': size=120000Kb used=2509Kb max_used=2509Kb free=117490Kb
 bounds [0x0000024112b40000, 0x0000024112dc0000, 0x000002411a070000]
CodeHeap 'profiled nmethods': size=120000Kb used=10083Kb max_used=10083Kb free=109916Kb
 bounds [0x000002410b070000, 0x000002410ba50000, 0x00000241125a0000]
CodeHeap 'non-nmethods': size=5760Kb used=1241Kb max_used=1268Kb free=4518Kb
 bounds [0x00000241125a0000, 0x0000024112810000, 0x0000024112b40000]
 total_blobs=5525 nmethods=5014 adapters=421
 compilation: enabled
              stopped_count=0, restarted_count=0
 full_count=0

Compilation events (20 events):
Event: 1.960 Thread 0x00000241268ef690 4947       1       org.eclipse.aether.graph.Dependency$Exclusions::access$000 (5 bytes)
Event: 1.960 Thread 0x00000241268ef690 nmethod 4947 0x0000024112db0d90 code [0x0000024112db0f20, 0x0000024112db0fd8]
Event: 1.960 Thread 0x00000241268eebf0 nmethod 4941 0x0000024112db1090 code [0x0000024112db1200, 0x0000024112db12b8]
Event: 1.961 Thread 0x00000241268ef690 4948   !   3       org.apache.maven.model.ReportSet::clone (83 bytes)
Event: 1.961 Thread 0x00000241268ef690 nmethod 4948 0x000002410ba0ff10 code [0x000002410ba101c0, 0x000002410ba10e98]
Event: 1.961 Thread 0x00000241268ef690 4949       3       java.util.HashMap::putAll (7 bytes)
Event: 1.961 Thread 0x00000241268ef690 nmethod 4949 0x000002410ba11390 code [0x000002410ba11520, 0x000002410ba11668]
Event: 1.961 Thread 0x00000241268ef690 4951       3       org.apache.maven.model.Scm::getLocation (304 bytes)
Event: 1.961 Thread 0x00000241268ef690 nmethod 4951 0x000002410ba11710 code [0x000002410ba11a00, 0x000002410ba12bc8]
Event: 1.961 Thread 0x00000241268ef690 4950       1       org.apache.maven.model.IssueManagement::setSystem (6 bytes)
Event: 1.961 Thread 0x000002412773bc80 4952       4       org.apache.maven.model.Dependency::getManagementKey (94 bytes)
Event: 1.962 Thread 0x00000241268ef690 nmethod 4950 0x0000024112db1390 code [0x0000024112db1520, 0x0000024112db1638]
Event: 1.963 Thread 0x00000241268eebf0 4953       4       java.lang.String::toLowerCase (29 bytes)
Event: 1.963 Thread 0x00000241268ef690 4954       3       java.util.Formatter$FixedString::<init> (26 bytes)
Event: 1.964 Thread 0x00000241268ef690 nmethod 4954 0x000002410ba12e90 code [0x000002410ba13040, 0x000002410ba13278]
Event: 1.964 Thread 0x00000241268ef690 4955       3       java.util.Formatter$FixedString::print (26 bytes)
Event: 1.964 Thread 0x00000241268ef690 nmethod 4955 0x000002410ba13390 code [0x000002410ba13540, 0x000002410ba13748]
Event: 1.964 Thread 0x00000241268ef690 4956       3       java.lang.StringBuilder::append (8 bytes)
Event: 1.964 Thread 0x00000241268ef690 nmethod 4956 0x000002410ba13810 code [0x000002410ba139c0, 0x000002410ba13b68]
Event: 1.964 Thread 0x00000241268ef690 4958       2       java.util.regex.Pattern$Slice::match (79 bytes)

GC Heap History (6 events):
Event: 0.351 GC heap before
{Heap before GC invocations=0 (full 0):
 garbage-first heap   total 260096K, used 22528K [0x0000000702800000, 0x0000000800000000)
  region size 2048K, 11 young (22528K), 0 survivors (0K)
 Metaspace       used 5132K, committed 5312K, reserved 1056768K
  class space    used 614K, committed 704K, reserved 1048576K
}
Event: 0.353 GC heap after
{Heap after GC invocations=1 (full 0):
 garbage-first heap   total 260096K, used 3912K [0x0000000702800000, 0x0000000800000000)
  region size 2048K, 2 young (4096K), 2 survivors (4096K)
 Metaspace       used 5132K, committed 5312K, reserved 1056768K
  class space    used 614K, committed 704K, reserved 1048576K
}
Event: 0.689 GC heap before
{Heap before GC invocations=1 (full 0):
 garbage-first heap   total 260096K, used 34632K [0x0000000702800000, 0x0000000800000000)
  region size 2048K, 17 young (34816K), 2 survivors (4096K)
 Metaspace       used 9840K, committed 9984K, reserved 1064960K
  class space    used 1214K, committed 1280K, reserved 1048576K
}
Event: 0.691 GC heap after
{Heap after GC invocations=2 (full 0):
 garbage-first heap   total 260096K, used 5481K [0x0000000702800000, 0x0000000800000000)
  region size 2048K, 1 young (2048K), 1 survivors (2048K)
 Metaspace       used 9840K, committed 9984K, reserved 1064960K
  class space    used 1214K, committed 1280K, reserved 1048576K
}
Event: 1.677 GC heap before
{Heap before GC invocations=2 (full 0):
 garbage-first heap   total 260096K, used 99689K [0x0000000702800000, 0x0000000800000000)
  region size 2048K, 48 young (98304K), 1 survivors (2048K)
 Metaspace       used 21224K, committed 21504K, reserved 1073152K
  class space    used 2532K, committed 2688K, reserved 1048576K
}
Event: 1.682 GC heap after
{Heap after GC invocations=3 (full 0):
 garbage-first heap   total 260096K, used 12581K [0x0000000702800000, 0x0000000800000000)
  region size 2048K, 5 young (10240K), 5 survivors (10240K)
 Metaspace       used 21224K, committed 21504K, reserved 1073152K
  class space    used 2532K, committed 2688K, reserved 1048576K
}

Deoptimization events (20 events):
Event: 1.957 Thread 0x00000241037e02c0 Uncommon trap: trap_request=0xffffffbe fr.pc=0x0000024112d98844 relative=0x0000000000000b04
Event: 1.957 Thread 0x00000241037e02c0 Uncommon trap: reason=profile_predicate action=maybe_recompile pc=0x0000024112d98844 method=java.util.regex.Pattern$Slice.match(Ljava/util/regex/Matcher;ILjava/lang/CharSequence;)Z @ 18 c2
Event: 1.957 Thread 0x00000241037e02c0 DEOPT PACKING pc=0x0000024112d98844 sp=0x000000a323afc8a0
Event: 1.957 Thread 0x00000241037e02c0 DEOPT UNPACKING pc=0x00000241125f23a3 sp=0x000000a323afc840 mode 2
Event: 1.957 Thread 0x00000241037e02c0 Uncommon trap: trap_request=0xffffffbe fr.pc=0x0000024112d98844 relative=0x0000000000000b04
Event: 1.957 Thread 0x00000241037e02c0 Uncommon trap: reason=profile_predicate action=maybe_recompile pc=0x0000024112d98844 method=java.util.regex.Pattern$Slice.match(Ljava/util/regex/Matcher;ILjava/lang/CharSequence;)Z @ 18 c2
Event: 1.957 Thread 0x00000241037e02c0 DEOPT PACKING pc=0x0000024112d98844 sp=0x000000a323afc8a0
Event: 1.957 Thread 0x00000241037e02c0 DEOPT UNPACKING pc=0x00000241125f23a3 sp=0x000000a323afc840 mode 2
Event: 1.957 Thread 0x00000241037e02c0 Uncommon trap: trap_request=0xffffffbe fr.pc=0x0000024112d98844 relative=0x0000000000000b04
Event: 1.957 Thread 0x00000241037e02c0 Uncommon trap: reason=profile_predicate action=maybe_recompile pc=0x0000024112d98844 method=java.util.regex.Pattern$Slice.match(Ljava/util/regex/Matcher;ILjava/lang/CharSequence;)Z @ 18 c2
Event: 1.957 Thread 0x00000241037e02c0 DEOPT PACKING pc=0x0000024112d98844 sp=0x000000a323afc8a0
Event: 1.957 Thread 0x00000241037e02c0 DEOPT UNPACKING pc=0x00000241125f23a3 sp=0x000000a323afc840 mode 2
Event: 1.957 Thread 0x00000241037e02c0 Uncommon trap: trap_request=0xffffffbe fr.pc=0x0000024112d98844 relative=0x0000000000000b04
Event: 1.957 Thread 0x00000241037e02c0 Uncommon trap: reason=profile_predicate action=maybe_recompile pc=0x0000024112d98844 method=java.util.regex.Pattern$Slice.match(Ljava/util/regex/Matcher;ILjava/lang/CharSequence;)Z @ 18 c2
Event: 1.957 Thread 0x00000241037e02c0 DEOPT PACKING pc=0x0000024112d98844 sp=0x000000a323afc8a0
Event: 1.957 Thread 0x00000241037e02c0 DEOPT UNPACKING pc=0x00000241125f23a3 sp=0x000000a323afc840 mode 2
Event: 1.962 Thread 0x00000241037e02c0 Uncommon trap: trap_request=0xffffff45 fr.pc=0x0000024112bf6c48 relative=0x00000000000001a8
Event: 1.962 Thread 0x00000241037e02c0 Uncommon trap: reason=unstable_if action=reinterpret pc=0x0000024112bf6c48 method=java.util.WeakHashMap.expungeStaleEntries()V @ 9 c2
Event: 1.962 Thread 0x00000241037e02c0 DEOPT PACKING pc=0x0000024112bf6c48 sp=0x000000a323afcc00
Event: 1.962 Thread 0x00000241037e02c0 DEOPT UNPACKING pc=0x00000241125f23a3 sp=0x000000a323afcb98 mode 2

Classes unloaded (0 events):
No events

Classes redefined (0 events):
No events

Internal exceptions (20 events):
Event: 1.861 Thread 0x00000241037e02c0 Exception <a 'sun/nio/fs/WindowsException'{0x0000000704d5b2a8}> (0x0000000704d5b2a8) 
thrown [s\open\src\hotspot\share\prims\jni.cpp, line 516]
Event: 1.862 Thread 0x00000241037e02c0 Exception <a 'sun/nio/fs/WindowsException'{0x0000000704d5e170}> (0x0000000704d5e170) 
thrown [s\open\src\hotspot\share\prims\jni.cpp, line 516]
Event: 1.862 Thread 0x00000241037e02c0 Exception <a 'sun/nio/fs/WindowsException'{0x0000000704d5e440}> (0x0000000704d5e440) 
thrown [s\open\src\hotspot\share\prims\jni.cpp, line 516]
Event: 1.862 Thread 0x00000241037e02c0 Exception <a 'sun/nio/fs/WindowsException'{0x0000000704d5fa00}> (0x0000000704d5fa00) 
thrown [s\open\src\hotspot\share\prims\jni.cpp, line 516]
Event: 1.863 Thread 0x00000241037e02c0 Exception <a 'sun/nio/fs/WindowsException'{0x0000000704d5fd18}> (0x0000000704d5fd18) 
thrown [s\open\src\hotspot\share\prims\jni.cpp, line 516]
Event: 1.863 Thread 0x00000241037e02c0 Exception <a 'sun/nio/fs/WindowsException'{0x0000000704d61220}> (0x0000000704d61220) 
thrown [s\open\src\hotspot\share\prims\jni.cpp, line 516]
Event: 1.863 Thread 0x00000241037e02c0 Exception <a 'sun/nio/fs/WindowsException'{0x0000000704d61600}> (0x0000000704d61600) 
thrown [s\open\src\hotspot\share\prims\jni.cpp, line 516]
Event: 1.864 Thread 0x00000241037e02c0 Exception <a 'sun/nio/fs/WindowsException'{0x0000000704d6b1e8}> (0x0000000704d6b1e8) 
thrown [s\open\src\hotspot\share\prims\jni.cpp, line 516]
Event: 1.864 Thread 0x00000241037e02c0 Exception <a 'sun/nio/fs/WindowsException'{0x0000000704d6b548}> (0x0000000704d6b548) 
thrown [s\open\src\hotspot\share\prims\jni.cpp, line 516]
Event: 1.864 Thread 0x00000241037e02c0 Exception <a 'sun/nio/fs/WindowsException'{0x0000000704d6c9b0}> (0x0000000704d6c9b0) 
thrown [s\open\src\hotspot\share\prims\jni.cpp, line 516]
Event: 1.864 Thread 0x00000241037e02c0 Exception <a 'sun/nio/fs/WindowsException'{0x0000000704d6ccf0}> (0x0000000704d6ccf0) 
thrown [s\open\src\hotspot\share\prims\jni.cpp, line 516]
Event: 1.865 Thread 0x00000241037e02c0 Exception <a 'sun/nio/fs/WindowsException'{0x0000000704d71a48}> (0x0000000704d71a48) 
thrown [s\open\src\hotspot\share\prims\jni.cpp, line 516]
Event: 1.865 Thread 0x00000241037e02c0 Exception <a 'sun/nio/fs/WindowsException'{0x0000000704d71d38}> (0x0000000704d71d38) 
thrown [s\open\src\hotspot\share\prims\jni.cpp, line 516]
Event: 1.865 Thread 0x00000241037e02c0 Exception <a 'sun/nio/fs/WindowsException'{0x0000000704d7a358}> (0x0000000704d7a358) 
thrown [s\open\src\hotspot\share\prims\jni.cpp, line 516]
Event: 1.865 Thread 0x00000241037e02c0 Exception <a 'sun/nio/fs/WindowsException'{0x0000000704d7a688}> (0x0000000704d7a688) 
thrown [s\open\src\hotspot\share\prims\jni.cpp, line 516]
Event: 1.865 Thread 0x00000241037e02c0 Exception <a 'sun/nio/fs/WindowsException'{0x0000000704d7bbb0}> (0x0000000704d7bbb0) 
thrown [s\open\src\hotspot\share\prims\jni.cpp, line 516]
Event: 1.865 Thread 0x00000241037e02c0 Exception <a 'sun/nio/fs/WindowsException'{0x0000000704d7bfb0}> (0x0000000704d7bfb0) 
thrown [s\open\src\hotspot\share\prims\jni.cpp, line 516]
Event: 1.866 Thread 0x00000241037e02c0 Exception <a 'java/lang/NoSuchMethodError'{0x0000000704d812b0}: 'java.lang.Object java.lang.invoke.DirectMethodHandle$Holder.invokeStatic(java.lang.Object, java.lang.Object, int, int)'> (0x0000000704d812b0) 
thrown [s\open\src\hotspot\share\interpreter\linkResolver.cpp, line 759]
Event: 1.918 Thread 0x00000241037e02c0 Exception <a 'sun/nio/fs/WindowsException'{0x000000070495f540}> (0x000000070495f540) 
thrown [s\open\src\hotspot\share\prims\jni.cpp, line 516]
Event: 1.951 Thread 0x00000241037e02c0 Exception <a 'sun/nio/fs/WindowsException'{0x0000000704345018}> (0x0000000704345018) 
thrown [s\open\src\hotspot\share\prims\jni.cpp, line 516]

VM Operations (20 events):
Event: 1.724 Executing VM operation: HandshakeAllThreads
Event: 1.724 Executing VM operation: HandshakeAllThreads done
Event: 1.769 Executing VM operation: HandshakeAllThreads
Event: 1.769 Executing VM operation: HandshakeAllThreads done
Event: 1.769 Executing VM operation: HandshakeAllThreads
Event: 1.769 Executing VM operation: HandshakeAllThreads done
Event: 1.772 Executing VM operation: HandshakeAllThreads
Event: 1.772 Executing VM operation: HandshakeAllThreads done
Event: 1.815 Executing VM operation: HandshakeAllThreads
Event: 1.815 Executing VM operation: HandshakeAllThreads done
Event: 1.833 Executing VM operation: HandshakeAllThreads
Event: 1.833 Executing VM operation: HandshakeAllThreads done
Event: 1.834 Executing VM operation: HandshakeAllThreads
Event: 1.834 Executing VM operation: HandshakeAllThreads done
Event: 1.873 Executing VM operation: HandshakeAllThreads
Event: 1.873 Executing VM operation: HandshakeAllThreads done
Event: 1.903 Executing VM operation: HandshakeAllThreads
Event: 1.903 Executing VM operation: HandshakeAllThreads done
Event: 1.923 Executing VM operation: ICBufferFull
Event: 1.923 Executing VM operation: ICBufferFull done

Events (20 events):
Event: 1.902 loading class java/util/stream/ReduceOps$1
Event: 1.902 loading class java/util/stream/ReduceOps$1 done
Event: 1.903 loading class java/util/stream/ReduceOps$1ReducingSink
Event: 1.903 loading class java/util/stream/ReduceOps$1ReducingSink done
Event: 1.918 loading class java/nio/channels/Channels$1
Event: 1.918 loading class java/nio/channels/Channels$1 done
Event: 1.950 loading class java/util/function/ToIntBiFunction
Event: 1.950 loading class java/util/function/ToIntBiFunction done
Event: 1.951 loading class java/io/DataOutputStream
Event: 1.951 loading class java/io/DataOutputStream done
Event: 1.953 loading class java/util/EnumMap$Values
Event: 1.953 loading class java/util/EnumMap$Values done
Event: 1.954 loading class java/util/EnumMap$ValueIterator
Event: 1.954 loading class java/util/EnumMap$EnumMapIterator
Event: 1.954 loading class java/util/EnumMap$EnumMapIterator done
Event: 1.954 loading class java/util/EnumMap$ValueIterator done
Event: 1.954 loading class java/util/WeakHashMap$KeyIterator
Event: 1.954 loading class java/util/WeakHashMap$HashIterator
Event: 1.954 loading class java/util/WeakHashMap$HashIterator done
Event: 1.954 loading class java/util/WeakHashMap$KeyIterator done


Dynamic libraries:
0x00007ff6d82b0000 - 0x00007ff6d82c0000 	C:\Program Files\Java\jdk-17\bin\java.exe
0x00007ff8a4fa0000 - 0x00007ff8a51a9000 	C:\WINDOWS\SYSTEM32\ntdll.dll
0x00007ff8a3ee0000 - 0x00007ff8a3f9e000 	C:\WINDOWS\System32\KERNEL32.DLL
0x00007ff8a2a80000 - 0x00007ff8a2e03000 	C:\WINDOWS\System32\KERNELBASE.dll
0x00007ff8a2750000 - 0x00007ff8a2861000 	C:\WINDOWS\System32\ucrtbase.dll
0x00007ff876190000 - 0x00007ff8761a9000 	C:\Program Files\Java\jdk-17\bin\jli.dll
0x00007ff871ee0000 - 0x00007ff871efb000 	C:\Program Files\Java\jdk-17\bin\VCRUNTIME140.dll
0x00007ff8a31f0000 - 0x00007ff8a329e000 	C:\WINDOWS\System32\ADVAPI32.dll
0x00007ff8a3e30000 - 0x00007ff8a3ed3000 	C:\WINDOWS\System32\msvcrt.dll
0x00007ff8a46c0000 - 0x00007ff8a475e000 	C:\WINDOWS\System32\sechost.dll
0x00007ff8a34c0000 - 0x00007ff8a35e1000 	C:\WINDOWS\System32\RPCRT4.dll
0x00007ff8a32a0000 - 0x00007ff8a344d000 	C:\WINDOWS\System32\USER32.dll
0x00007ff88e250000 - 0x00007ff88e4f5000 	C:\WINDOWS\WinSxS\amd64_microsoft.windows.common-controls_6595b64144ccf1df_6.0.22000.120_none_9d947278b86cc467\COMCTL32.dll
0x00007ff8a2510000 - 0x00007ff8a2536000 	C:\WINDOWS\System32\win32u.dll
0x00007ff8a31b0000 - 0x00007ff8a31d9000 	C:\WINDOWS\System32\GDI32.dll
0x00007ff8a25b0000 - 0x00007ff8a26ca000 	C:\WINDOWS\System32\gdi32full.dll
0x00007ff8a2870000 - 0x00007ff8a290d000 	C:\WINDOWS\System32\msvcp_win.dll
0x00007ff89ec80000 - 0x00007ff89ec8a000 	C:\WINDOWS\SYSTEM32\VERSION.dll
0x00007ff8a4410000 - 0x00007ff8a4441000 	C:\WINDOWS\System32\IMM32.DLL
0x00007ff885f80000 - 0x00007ff885f8c000 	C:\Program Files\Java\jdk-17\bin\vcruntime140_1.dll
0x00007ff832c20000 - 0x00007ff832cae000 	C:\Program Files\Java\jdk-17\bin\msvcp140.dll
0x00007fffe85f0000 - 0x00007fffe91cd000 	C:\Program Files\Java\jdk-17\bin\server\jvm.dll
0x00007ff8a31e0000 - 0x00007ff8a31e8000 	C:\WINDOWS\System32\PSAPI.DLL
0x00007ff89ea00000 - 0x00007ff89ea33000 	C:\WINDOWS\SYSTEM32\WINMM.dll
0x00007ff895350000 - 0x00007ff895359000 	C:\WINDOWS\SYSTEM32\WSOCK32.dll
0x00007ff8a3450000 - 0x00007ff8a34bf000 	C:\WINDOWS\System32\WS2_32.dll
0x00007ff8a14d0000 - 0x00007ff8a14e8000 	C:\WINDOWS\SYSTEM32\kernel.appcore.dll
0x00007ff87ab80000 - 0x00007ff87ab8a000 	C:\Program Files\Java\jdk-17\bin\jimage.dll
0x00007ff89de30000 - 0x00007ff89e051000 	C:\WINDOWS\SYSTEM32\DBGHELP.DLL
0x00007ff89b260000 - 0x00007ff89b291000 	C:\WINDOWS\SYSTEM32\dbgcore.DLL
0x00007ff8a26d0000 - 0x00007ff8a274f000 	C:\WINDOWS\System32\bcryptPrimitives.dll
0x00007ff84b320000 - 0x00007ff84b345000 	C:\Program Files\Java\jdk-17\bin\java.dll
0x00007ff830000000 - 0x00007ff8300d7000 	C:\Program Files\Java\jdk-17\bin\jsvml.dll
0x00007ff8a35f0000 - 0x00007ff8a3db5000 	C:\WINDOWS\System32\SHELL32.dll
0x00007ff8a0530000 - 0x00007ff8a0d94000 	C:\WINDOWS\SYSTEM32\windows.storage.dll
0x00007ff8a4880000 - 0x00007ff8a4bf6000 	C:\WINDOWS\System32\combase.dll
0x00007ff8a03c0000 - 0x00007ff8a0527000 	C:\WINDOWS\SYSTEM32\wintypes.dll
0x00007ff8a30a0000 - 0x00007ff8a318a000 	C:\WINDOWS\System32\SHCORE.dll
0x00007ff8a4cf0000 - 0x00007ff8a4d4d000 	C:\WINDOWS\System32\shlwapi.dll
0x00007ff8a2380000 - 0x00007ff8a23a1000 	C:\WINDOWS\SYSTEM32\profapi.dll
0x00007ff871ec0000 - 0x00007ff871ed9000 	C:\Program Files\Java\jdk-17\bin\net.dll
0x00007ff89e7a0000 - 0x00007ff89e8b2000 	C:\WINDOWS\SYSTEM32\WINHTTP.dll
0x00007ff8a1970000 - 0x00007ff8a19d7000 	C:\WINDOWS\system32\mswsock.dll
0x00007ff86aca0000 - 0x00007ff86acb6000 	C:\Program Files\Java\jdk-17\bin\nio.dll
0x00007ff86aa60000 - 0x00007ff86aa78000 	C:\Program Files\Java\jdk-17\bin\zip.dll
0x0000000069ac0000 - 0x0000000069ae4000 	C:\Program Files\apache-maven-3.9.1\lib\jansi-native\Windows\x86_64\jansi.dll
0x00007ff87a760000 - 0x00007ff87a770000 	C:\Program Files\Java\jdk-17\bin\verify.dll

dbghelp: loaded successfully - version: 4.0.5 - missing functions: none
symbol engine: initialized successfully - sym options: 0x614 - pdb path: .;C:\Program Files\Java\jdk-17\bin;C:\WINDOWS\SYSTEM32;C:\WINDOWS\WinSxS\amd64_microsoft.windows.common-controls_6595b64144ccf1df_6.0.22000.120_none_9d947278b86cc467;C:\Program Files\Java\jdk-17\bin\server;C:\Program Files\apache-maven-3.9.1\lib\jansi-native\Windows\x86_64

VM Arguments:
jvm_args: -Dclassworlds.conf=C:/Program Files/apache-maven-3.9.1/bin/m2.conf -Dmaven.home=C:/Program Files/apache-maven-3.9.1 -Dlibrary.jansi.path=C:/Program Files/apache-maven-3.9.1/lib/jansi-native -Dmaven.multiModuleProjectDirectory=C:/Users/Andrea Barutta/Desktop/Assignment 2/MTSS_Assignment_2 
java_command: org.codehaus.plexus.classworlds.launcher.Launcher verify
java_class_path (initial): C:/Program Files/apache-maven-3.9.1/boot/plexus-classworlds-2.6.0.jar
Launcher Type: SUN_STANDARD

[Global flags]
     intx CICompilerCount                          = 4                                         {product} {ergonomic}
     uint ConcGCThreads                            = 3                                         {product} {ergonomic}
     uint G1ConcRefinementThreads                  = 10                                        {product} {ergonomic}
   size_t G1HeapRegionSize                         = 2097152                                   {product} {ergonomic}
    uintx GCDrainStackTargetSize                   = 64                                        {product} {ergonomic}
   size_t InitialHeapSize                          = 266338304                                 {product} {ergonomic}
   size_t MarkStackSize                            = 4194304                                   {product} {ergonomic}
   size_t MaxHeapSize                              = 4253024256                                {product} {ergonomic}
   size_t MaxNewSize                               = 2550136832                                {product} {ergonomic}
   size_t MinHeapDeltaBytes                        = 2097152                                   {product} {ergonomic}
   size_t MinHeapSize                              = 8388608                                   {product} {ergonomic}
    uintx NonNMethodCodeHeapSize                   = 5839372                                {pd product} {ergonomic}
    uintx NonProfiledCodeHeapSize                  = 122909434                              {pd product} {ergonomic}
    uintx ProfiledCodeHeapSize                     = 122909434                              {pd product} {ergonomic}
    uintx ReservedCodeCacheSize                    = 251658240                              {pd product} {ergonomic}
     bool SegmentedCodeCache                       = true                                      {product} {ergonomic}
   size_t SoftMaxHeapSize                          = 4253024256                             {manageable} {ergonomic}
     bool UseCompressedClassPointers               = true                           {product lp64_product} {ergonomic}
     bool UseCompressedOops                        = true                           {product lp64_product} {ergonomic}
     bool UseG1GC                                  = true                                      {product} {ergonomic}
     bool UseLargePagesIndividualAllocation        = false                                  {pd product} {ergonomic}

Logging:
Log output configuration:
 #0: stdout all=warning uptime,level,tags
 #1: stderr all=off uptime,level,tags

Environment Variables:
JAVA_HOME=C:/Program Files/Java/jdk-17
PATH=C:\Users\Andrea Barutta\bin;C:\Program Files\Git\mingw64\bin;C:\Program Files\Git\usr\local\bin;C:\Program Files\Git\usr\bin;C:\Program Files\Git\usr\bin;C:\Program Files\Git\mingw64\bin;C:\Program Files\Git\usr\bin;C:\Users\Andrea Barutta\bin;C:\Program Files\Common Files\Oracle\Java\javapath;C:\MinGW\bin;C:\WINDOWS\system32;C:\WINDOWS;C:\WINDOWS\System32\Wbem;C:\WINDOWS\System32\WindowsPowerShell\v1.0;C:\WINDOWS\System32\OpenSSH;C:\Program Files\nodejs;C:\Program Files\apache-maven-3.9.1\bin;C:\Program Files\Java\jdk-17\bin;C:\Users\Andrea Barutta\AppData\Local\Microsoft\WindowsApps;C:\Users\Andrea Barutta\AppData\Local\Programs\Microsoft VS Code\bin;C:\Program Files\heroku\bin;C:\Users\Andrea Barutta\AppData\Roaming\npm;C:\Program Files\Git\usr\bin\vendor_perl;C:\Program Files\Git\usr\bin\core_perl
USERNAME=Andrea Barutta
SHELL=C:\Program Files\Git\usr\bin\bash.exe
DISPLAY=needs-to-be-defined
LC_CTYPE=it_IT.UTF-8
OS=Windows_NT
PROCESSOR_IDENTIFIER=Intel64 Family 6 Model 165 Stepping 3, GenuineIntel



---------------  S Y S T E M  ---------------

OS:
 Windows 11 , 64 bit Build 22000 (10.0.22000.1761)
OS uptime: 22 days 20:28 hours

CPU: total 12 (initial active 12) (6 cores per cpu, 2 threads per core) family 6 model 165 stepping 3 microcode 0xe0, cx8, cmov, fxsr, ht, mmx, 3dnowpref, sse, sse2, sse3, ssse3, sse4.1, sse4.2, popcnt, lzcnt, tsc, tscinvbit, avx, avx2, aes, erms, clmul, bmi1, bmi2, adx, fma, vzeroupper, clflush, clflushopt

Memory: 4k page, system-wide physical 16216M (6132M free)
TotalPageFile size 18648M (AvailPageFile size 2914M)
current process WorkingSet (physical memory assigned to process): 160M, peak: 220M
current process commit charge ("private bytes"): 210M, peak: 415M

vm_info: Java HotSpot(TM) 64-Bit Server VM (17.0.7+8-LTS-224) for windows-amd64 JRE (17.0.7+8-LTS-224), built on Feb 28 2023 23:03:02 by "mach5one" with MS VC++ 17.1 (VS2022)

END.
