#
# A fatal error has been detected by the Java Runtime Environment:
#
#  EXCEPTION_ACCESS_VIOLATION (0xc0000005) at pc=0x00007fffe8f445ba, pid=9816, tid=20040
#
# JRE version: Java(TM) SE Runtime Environment (17.0.7+8) (build 17.0.7+8-LTS-224)
# Java VM: Java HotSpot(TM) 64-Bit Server VM (17.0.7+8-LTS-224, mixed mode, sharing, tiered, compressed oops, compressed class ptrs, g1 gc, windows-amd64)
# Problematic frame:
# V  [jvm.dll+0x5845ba]
#
# No core dump will be written. Minidumps are not enabled by default on client versions of Windows
#
# If you would like to submit a bug report, please visit:
#   https://bugreport.java.com/bugreport/crash.jsp
#

---------------  S U M M A R Y ------------

Command Line: -Dclassworlds.conf=C:/Program Files/apache-maven-3.9.1/bin/m2.conf -Dmaven.home=C:/Program Files/apache-maven-3.9.1 -Dlibrary.jansi.path=C:/Program Files/apache-maven-3.9.1/lib/jansi-native -Dmaven.multiModuleProjectDirectory=C:/Users/Andrea Barutta/Desktop/Assignment 2/MTSS_Assignment_2 org.codehaus.plexus.classworlds.launcher.Launcher verify

Host: Intel(R) Core(TM) i5-10400 CPU @ 2.90GHz, 12 cores, 15G,  Windows 11 , 64 bit Build 22000 (10.0.22000.1761)
Time: Fri May  5 21:10:39 2023 ora legale Europa occidentale elapsed time: 1.920411 seconds (0d 0h 0m 1s)

---------------  T H R E A D  ---------------

Current thread (0x000002325ac0e7d0):  JavaThread "C2 CompilerThread0" daemon [_thread_in_native, id=20040, stack(0x0000004b41000000,0x0000004b41100000)]


Current CompileTask:
C2:   1920 4925       4       java.util.regex.Pattern::compile (500 bytes)

Stack: [0x0000004b41000000,0x0000004b41100000],  sp=0x0000004b410fa3a0,  free space=1000k
Native frames: (J=compiled Java code, j=interpreted, Vv=VM code, C=native code)
V  [jvm.dll+0x5845ba]
V  [jvm.dll+0x580786]
V  [jvm.dll+0x580524]
V  [jvm.dll+0x57f778]
V  [jvm.dll+0x2205f2]
V  [jvm.dll+0x2209cf]
V  [jvm.dll+0x219926]
V  [jvm.dll+0x216df9]
V  [jvm.dll+0x1a35e0]
V  [jvm.dll+0x226a6e]
V  [jvm.dll+0x224e15]
V  [jvm.dll+0x78d05c]
V  [jvm.dll+0x78759a]
V  [jvm.dll+0x675875]
C  [ucrtbase.dll+0x26c0c]
C  [KERNEL32.DLL+0x15590]
C  [ntdll.dll+0x485b]


siginfo: EXCEPTION_ACCESS_VIOLATION (0xc0000005), reading address 0x000000000000002c


Register to memory mapping:

RIP=0x00007fffe8f445ba jvm.dll
RAX=0x000002325d3572e0 points into unknown readable memory: 0x000002325c299790 | 90 97 29 5c 32 02 00 00
RBX=0x0 is NULL
RCX=0x0000000000000002 is an unknown value
RDX=0x000002325d356f90 points into unknown readable memory: 0x0000100410000100 | 00 01 00 10 04 10 00 00
RSP=0x0000004b410fa3a0 is pointing into the stack for thread: 0x000002325ac0e7d0
RBP=0x0000004b410fa429 is pointing into the stack for thread: 0x000002325ac0e7d0
RSI=0x000002325b82b9c8 points into unknown readable memory: 0x00007fffe927b290 | 90 b2 27 e9 ff 7f 00 00
RDI=0x000002325c299b10 points into unknown readable memory: 0x000002325c299b28 | 28 9b 29 5c 32 02 00 00
R8 =0x0000000010000000 is an unknown value
R9 =0x00000000000000e0 is an unknown value
R10=0x00007ff86aca0000 VCRUNTIME140.dll
R11=0x00007ff86aca1b41 VCRUNTIME140.dll
R12=0x0000004b410fa8e0 is pointing into the stack for thread: 0x000002325ac0e7d0
R13=0x000002325b82c018 points into unknown readable memory: 0x00007fffe927b290 | 90 b2 27 e9 ff 7f 00 00
R14=0x000002325b82bcd8 points into unknown readable memory: 0x00007fffe92fb170 | 70 b1 2f e9 ff 7f 00 00
R15=0x0 is NULL


Registers:
RAX=0x000002325d3572e0, RBX=0x0000000000000000, RCX=0x0000000000000002, RDX=0x000002325d356f90
RSP=0x0000004b410fa3a0, RBP=0x0000004b410fa429, RSI=0x000002325b82b9c8, RDI=0x000002325c299b10
R8 =0x0000000010000000, R9 =0x00000000000000e0, R10=0x00007ff86aca0000, R11=0x00007ff86aca1b41
R12=0x0000004b410fa8e0, R13=0x000002325b82c018, R14=0x000002325b82bcd8, R15=0x0000000000000000
RIP=0x00007fffe8f445ba, EFLAGS=0x0000000000010206

Top of Stack: (sp=0x0000004b410fa3a0)
0x0000004b410fa3a0:   0000000000000040 0000000000000003
0x0000004b410fa3b0:   0000004b410fa429 000002325d22ddd0
0x0000004b410fa3c0:   0000000300000002 0000023234e81380
0x0000004b410fa3d0:   000002325ac057f0 0000000000000080
0x0000004b410fa3e0:   000002325d3572e0 00007fff00000080
0x0000004b410fa3f0:   0000000000000100 000002325d356ee0
0x0000004b410fa400:   0000023200000100 000002325ac057f0
0x0000004b410fa410:   0000000000000000 000002325b82c310
0x0000004b410fa420:   0000000000000000 00007fffe8f41c87
0x0000004b410fa430:   000002325b828290 000002325b82c018
0x0000004b410fa440:   000002325b82c7a8 000002325b82b9c8
0x0000004b410fa450:   0000004b410fa8e0 000002325b82c018
0x0000004b410fa460:   000002325b82bcd8 0000004b410fa580
0x0000004b410fa470:   0000004b410fa5a8 0000000000000043
0x0000004b410fa480:   0000000000000018 00007fffe8f40786
0x0000004b410fa490:   0000004b410fa8e0 000002325b82bcd8 

Instructions: (pc=0x00007fffe8f445ba)
0x00007fffe8f444ba:   48 20 48 3b 4b 20 76 11 45 33 c0 48 8b cb 41 8d
0x00007fffe8f444ca:   50 20 e8 bf 6a b2 ff eb 04 48 89 4b 18 44 8b 45
0x00007fffe8f444da:   af 33 d2 49 c1 e0 03 48 8b c8 48 89 45 b7 e8 45
0x00007fffe8f444ea:   0a 2b 00 33 db 48 8d 4d c7 48 89 5d f7 89 5d bf
0x00007fffe8f444fa:   e8 61 c7 23 00 49 8b 46 08 89 5d e7 48 8b 40 08
0x00007fffe8f4450a:   48 89 45 07 48 8b 78 10 8b 40 20 4c 8d 3c c7 49
0x00007fffe8f4451a:   3b ff 73 76 66 90 4c 8b 37 41 8b 76 28 8b de c1
0x00007fffe8f4452a:   eb 05 3b 5d c7 72 0b 8b d3 48 8d 4d c7 e8 84 c7
0x00007fffe8f4453a:   23 00 48 8b 45 cf 83 e6 1f 48 8d 14 98 40 0f b6
0x00007fffe8f4454a:   ce 41 b8 01 00 00 00 41 d3 e0 8b 0a 8b c1 41 0b
0x00007fffe8f4455a:   c0 89 02 41 85 c8 75 21 8b 5d bf 8d 43 01 89 45
0x00007fffe8f4456a:   bf 3b 5d af 72 0b 8b d3 48 8d 4d a7 e8 55 0d 0d
0x00007fffe8f4457a:   00 48 8b 45 b7 4c 89 34 d8 48 83 c7 08 49 3b ff
0x00007fffe8f4458a:   72 94 48 8b 75 77 4c 8b 75 6f 45 33 ff 41 8b c7
0x00007fffe8f4459a:   89 45 97 44 39 7d bf 0f 86 01 01 00 00 4c 3b ee
0x00007fffe8f445aa:   0f 84 27 02 00 00 8b c8 48 8b 45 b7 48 8b 1c c8
0x00007fffe8f445ba:   8b 43 2c 83 e0 3f 3c 30 0f 84 cb 00 00 00 48 8b
0x00007fffe8f445ca:   03 48 8b cb ff 10 3d 14 01 00 00 0f 84 b8 00 00
0x00007fffe8f445da:   00 8b 43 2c 83 e0 1f 3c 1f 75 10 48 8b cb e8 13
0x00007fffe8f445ea:   7f c2 ff 85 c0 0f 85 9e 00 00 00 8b 4b 2c 8b c1
0x00007fffe8f445fa:   83 e0 0f 3c 0c 0f 84 8e 00 00 00 80 f9 80 0f 85
0x00007fffe8f4460a:   f4 01 00 00 48 8b 7b 10 8b 43 20 4c 8d 3c c7 49
0x00007fffe8f4461a:   3b ff 73 72 66 90 4c 8b 37 41 8b 76 28 8b de c1
0x00007fffe8f4462a:   eb 05 3b 5d c7 72 0b 8b d3 48 8d 4d c7 e8 84 c6
0x00007fffe8f4463a:   23 00 48 8b 45 cf 83 e6 1f 48 8d 14 98 40 0f b6
0x00007fffe8f4464a:   ce 41 b8 01 00 00 00 41 d3 e0 8b 0a 8b c1 41 0b
0x00007fffe8f4465a:   c0 89 02 41 85 c8 75 21 8b 5d bf 8d 43 01 89 45
0x00007fffe8f4466a:   bf 3b 5d af 72 0b 8b d3 48 8d 4d a7 e8 55 0c 0d
0x00007fffe8f4467a:   00 48 8b 45 b7 4c 89 34 d8 48 83 c7 08 49 3b ff
0x00007fffe8f4468a:   72 94 48 8b 75 77 45 33 ff 8b 45 97 4c 8b 75 6f
0x00007fffe8f4469a:   ff c0 89 45 97 3b 45 bf 0f 82 ff fe ff ff 4c 3b
0x00007fffe8f446aa:   ee 0f 84 26 01 00 00 83 7d bf 00 0f 86 1c 01 00 


Stack slot to memory mapping:
stack at sp + 0 slots: 0x0000000000000040 is an unknown value
stack at sp + 1 slots: 0x0000000000000003 is an unknown value
stack at sp + 2 slots: 0x0000004b410fa429 is pointing into the stack for thread: 0x000002325ac0e7d0
stack at sp + 3 slots: 0x000002325d22ddd0 points into unknown readable memory: 0x00007fffe927b290 | 90 b2 27 e9 ff 7f 00 00
stack at sp + 4 slots: 0x0000000300000002 is an unknown value
stack at sp + 5 slots: 0x0000023234e81380 points into unknown readable memory: 0x0000000000000000 | 00 00 00 00 00 00 00 00
stack at sp + 6 slots: 0x000002325ac057f0 points into unknown readable memory: 0x0000000000000006 | 06 00 00 00 00 00 00 00
stack at sp + 7 slots: 0x0000000000000080 is an unknown value


---------------  P R O C E S S  ---------------

Threads class SMR info:
_java_thread_list=0x000002325b61fd00, length=14, elements={
0x0000023237015620, 0x000002325a132110, 0x000002325a132ac0, 0x000002325ac0bde0,
0x000002325ac0c790, 0x000002325ac0d140, 0x000002325ac0daf0, 0x000002325ac0e7d0,
0x000002325ac1ac90, 0x000002325ac3b690, 0x000002325ad6ac30, 0x000002325ad74d80,
0x000002325b4db930, 0x000002325b5310e0
}

Java Threads: ( => current thread )
  0x0000023237015620 JavaThread "main" [_thread_in_Java, id=20836, stack(0x0000004b40300000,0x0000004b40400000)]
  0x000002325a132110 JavaThread "Reference Handler" daemon [_thread_blocked, id=18596, stack(0x0000004b40a00000,0x0000004b40b00000)]
  0x000002325a132ac0 JavaThread "Finalizer" daemon [_thread_blocked, id=20704, stack(0x0000004b40b00000,0x0000004b40c00000)]
  0x000002325ac0bde0 JavaThread "Signal Dispatcher" daemon [_thread_blocked, id=27052, stack(0x0000004b40c00000,0x0000004b40d00000)]
  0x000002325ac0c790 JavaThread "Attach Listener" daemon [_thread_blocked, id=11204, stack(0x0000004b40d00000,0x0000004b40e00000)]
  0x000002325ac0d140 JavaThread "Service Thread" daemon [_thread_blocked, id=27504, stack(0x0000004b40e00000,0x0000004b40f00000)]
  0x000002325ac0daf0 JavaThread "Monitor Deflation Thread" daemon [_thread_blocked, id=29116, stack(0x0000004b40f00000,0x0000004b41000000)]
=>0x000002325ac0e7d0 JavaThread "C2 CompilerThread0" daemon [_thread_in_native, id=20040, stack(0x0000004b41000000,0x0000004b41100000)]
  0x000002325ac1ac90 JavaThread "C1 CompilerThread0" daemon [_thread_in_vm, id=22856, stack(0x0000004b41100000,0x0000004b41200000)]
  0x000002325ac3b690 JavaThread "Sweeper thread" daemon [_thread_blocked, id=11676, stack(0x0000004b41200000,0x0000004b41300000)]
  0x000002325ad6ac30 JavaThread "Notification Thread" daemon [_thread_blocked, id=2024, stack(0x0000004b41300000,0x0000004b41400000)]
  0x000002325ad74d80 JavaThread "Common-Cleaner" daemon [_thread_blocked, id=12116, stack(0x0000004b41500000,0x0000004b41600000)]
  0x000002325b4db930 JavaThread "C2 CompilerThread1" daemon [_thread_in_native, id=27368, stack(0x0000004b41600000,0x0000004b41700000)]
  0x000002325b5310e0 JavaThread "C2 CompilerThread2" daemon [_thread_in_native, id=5128, stack(0x0000004b41700000,0x0000004b41800000)]

Other Threads:
  0x000002325a128760 VMThread "VM Thread" [stack: 0x0000004b40900000,0x0000004b40a00000] [id=28540]
  0x000002325ad73930 WatcherThread [stack: 0x0000004b41400000,0x0000004b41500000] [id=27992]
  0x0000023237082fa0 GCTaskThread "GC Thread#0" [stack: 0x0000004b40400000,0x0000004b40500000] [id=6884]
  0x000002325ad8b190 GCTaskThread "GC Thread#1" [stack: 0x0000004b41800000,0x0000004b41900000] [id=12648]
  0x000002325b9c9a20 GCTaskThread "GC Thread#2" [stack: 0x0000004b41900000,0x0000004b41a00000] [id=8328]
  0x000002325b656b40 GCTaskThread "GC Thread#3" [stack: 0x0000004b41a00000,0x0000004b41b00000] [id=4776]
  0x000002325b659ed0 GCTaskThread "GC Thread#4" [stack: 0x0000004b41b00000,0x0000004b41c00000] [id=25640]
  0x000002325b65a180 GCTaskThread "GC Thread#5" [stack: 0x0000004b41c00000,0x0000004b41d00000] [id=11764]
  0x000002325b6f7890 GCTaskThread "GC Thread#6" [stack: 0x0000004b41d00000,0x0000004b41e00000] [id=5848]
  0x000002325ba97210 GCTaskThread "GC Thread#7" [stack: 0x0000004b41e00000,0x0000004b41f00000] [id=17396]
  0x000002325bbb4800 GCTaskThread "GC Thread#8" [stack: 0x0000004b41f00000,0x0000004b42000000] [id=7100]
  0x000002325ba575a0 GCTaskThread "GC Thread#9" [stack: 0x0000004b42000000,0x0000004b42100000] [id=29388]
  0x0000023237093cc0 ConcurrentGCThread "G1 Main Marker" [stack: 0x0000004b40500000,0x0000004b40600000] [id=19680]
  0x0000023237095d80 ConcurrentGCThread "G1 Conc#0" [stack: 0x0000004b40600000,0x0000004b40700000] [id=24152]
  0x000002325c1baaa0 ConcurrentGCThread "G1 Conc#1" [stack: 0x0000004b42100000,0x0000004b42200000] [id=22740]
  0x000002325c1ba540 ConcurrentGCThread "G1 Conc#2" [stack: 0x0000004b42200000,0x0000004b42300000] [id=14940]
  0x00000232370ee570 ConcurrentGCThread "G1 Refine#0" [stack: 0x0000004b40700000,0x0000004b40800000] [id=29396]
  0x0000023259fe3180 ConcurrentGCThread "G1 Service" [stack: 0x0000004b40800000,0x0000004b40900000] [id=17388]

Threads with active compile tasks:
C2 CompilerThread0     1946 4925       4       java.util.regex.Pattern::compile (500 bytes)
C1 CompilerThread0     1946 5031       3       java.util.stream.ReferencePipeline::forEachWithCancel (23 bytes)
C2 CompilerThread1     1946 4838       4       com.sun.tools.javac.jvm.ClassReader::sigToType (893 bytes)
C2 CompilerThread2     1946 5002       4       com.sun.tools.javac.util.SharedNameTable::fromUtf (174 bytes)

VM state: not at safepoint (normal execution)

VM Mutex/Monitor currently owned by a thread: None

Heap address: 0x0000000702800000, size: 4056 MB, Compressed Oops mode: Zero based, Oop shift amount: 3

CDS archive(s) mapped at: [0x0000000800000000-0x0000000800bd0000-0x0000000800bd0000), size 12386304, SharedBaseAddress: 0x0000000800000000, ArchiveRelocationMode: 0.
Compressed class space mapped at: 0x0000000800c00000-0x0000000840c00000, reserved size: 1073741824
Narrow klass base: 0x0000000800000000, Narrow klass shift: 0, Narrow klass range: 0x100000000

GC Precious Log:
 CPUs: 12 total, 12 available
 Memory: 16216M
 Large Page Support: Disabled
 NUMA Support: Disabled
 Compressed Oops: Enabled (Zero based)
 Heap Region Size: 2M
 Heap Min Capacity: 8M
 Heap Initial Capacity: 254M
 Heap Max Capacity: 4056M
 Pre-touch: Disabled
 Parallel Workers: 10
 Concurrent Workers: 3
 Concurrent Refinement Workers: 10
 Periodic GC: Disabled

Heap:
 garbage-first heap   total 55296K, used 37246K [0x0000000702800000, 0x0000000800000000)
  region size 2048K, 18 young (36864K), 5 survivors (10240K)
 Metaspace       used 25519K, committed 25792K, reserved 1073152K
  class space    used 3046K, committed 3200K, reserved 1048576K

Heap Regions: E=young(eden), S=young(survivor), O=old, HS=humongous(starts), HC=humongous(continues), CS=collection set, F=free, OA=open archive, CA=closed archive, TAMS=top-at-mark-start (previous, next)
|   0|0x0000000702800000, 0x0000000702a00000, 0x0000000702a00000|100%| O|  |TAMS 0x0000000702a00000, 0x0000000702800000| Untracked 
|   1|0x0000000702a00000, 0x0000000702b5b000, 0x0000000702c00000| 67%| O|  |TAMS 0x0000000702b5b000, 0x0000000702a00000| Complete 
|   2|0x0000000702c00000, 0x0000000702c00000, 0x0000000702e00000|  0%| F|  |TAMS 0x0000000702c00000, 0x0000000702c00000| Untracked 
|   3|0x0000000702e00000, 0x0000000702e00000, 0x0000000703000000|  0%| F|  |TAMS 0x0000000702e00000, 0x0000000702e00000| Untracked 
|   4|0x0000000703000000, 0x0000000703000000, 0x0000000703200000|  0%| F|  |TAMS 0x0000000703000000, 0x0000000703000000| Untracked 
|   5|0x0000000703200000, 0x0000000703200000, 0x0000000703400000|  0%| F|  |TAMS 0x0000000703200000, 0x0000000703200000| Untracked 
|   6|0x0000000703400000, 0x0000000703400000, 0x0000000703600000|  0%| F|  |TAMS 0x0000000703400000, 0x0000000703400000| Untracked 
|   7|0x0000000703600000, 0x0000000703600000, 0x0000000703800000|  0%| F|  |TAMS 0x0000000703600000, 0x0000000703600000| Untracked 
|   8|0x0000000703800000, 0x0000000703800000, 0x0000000703a00000|  0%| F|  |TAMS 0x0000000703800000, 0x0000000703800000| Untracked 
|   9|0x0000000703a00000, 0x0000000703b00800, 0x0000000703c00000| 50%| E|  |TAMS 0x0000000703a00000, 0x0000000703a00000| Complete 
|  10|0x0000000703c00000, 0x0000000703e00000, 0x0000000703e00000|100%| E|CS|TAMS 0x0000000703c00000, 0x0000000703c00000| Complete 
|  11|0x0000000703e00000, 0x0000000704000000, 0x0000000704000000|100%| E|CS|TAMS 0x0000000703e00000, 0x0000000703e00000| Complete 
|  12|0x0000000704000000, 0x0000000704200000, 0x0000000704200000|100%| E|CS|TAMS 0x0000000704000000, 0x0000000704000000| Complete 
|  13|0x0000000704200000, 0x0000000704400000, 0x0000000704400000|100%| E|CS|TAMS 0x0000000704200000, 0x0000000704200000| Complete 
|  14|0x0000000704400000, 0x0000000704600000, 0x0000000704600000|100%| E|CS|TAMS 0x0000000704400000, 0x0000000704400000| Complete 
|  15|0x0000000704600000, 0x0000000704800000, 0x0000000704800000|100%| E|CS|TAMS 0x0000000704600000, 0x0000000704600000| Complete 
|  16|0x0000000704800000, 0x0000000704a00000, 0x0000000704a00000|100%| E|CS|TAMS 0x0000000704800000, 0x0000000704800000| Complete 
|  17|0x0000000704a00000, 0x0000000704c00000, 0x0000000704c00000|100%| E|CS|TAMS 0x0000000704a00000, 0x0000000704a00000| Complete 
|  18|0x0000000704c00000, 0x0000000704e00000, 0x0000000704e00000|100%| E|CS|TAMS 0x0000000704c00000, 0x0000000704c00000| Complete 
|  19|0x0000000704e00000, 0x0000000705000000, 0x0000000705000000|100%| E|CS|TAMS 0x0000000704e00000, 0x0000000704e00000| Complete 
|  20|0x0000000705000000, 0x0000000705200000, 0x0000000705200000|100%| E|CS|TAMS 0x0000000705000000, 0x0000000705000000| Complete 
|  73|0x000000070ba00000, 0x000000070bb04b68, 0x000000070bc00000| 50%| S|CS|TAMS 0x000000070ba00000, 0x000000070ba00000| Complete 
|  74|0x000000070bc00000, 0x000000070be00000, 0x000000070be00000|100%| S|CS|TAMS 0x000000070bc00000, 0x000000070bc00000| Complete 
|  75|0x000000070be00000, 0x000000070c000000, 0x000000070c000000|100%| S|CS|TAMS 0x000000070be00000, 0x000000070be00000| Complete 
|  76|0x000000070c000000, 0x000000070c200000, 0x000000070c200000|100%| S|CS|TAMS 0x000000070c000000, 0x000000070c000000| Complete 
|  77|0x000000070c200000, 0x000000070c400000, 0x000000070c400000|100%| S|CS|TAMS 0x000000070c200000, 0x000000070c200000| Complete 
| 126|0x0000000712400000, 0x0000000712600000, 0x0000000712600000|100%| E|CS|TAMS 0x0000000712400000, 0x0000000712400000| Complete 

Card table byte_map: [0x000002324e5f0000,0x000002324ede0000] _byte_map_base: 0x000002324addc000

Marking Bits (Prev, Next): (CMBitMap*) 0x00000232370834f0, (CMBitMap*) 0x00000232370834b0
 Prev Bits: [0x0000023253530000, 0x0000023257490000)
 Next Bits: [0x000002324f5d0000, 0x0000023253530000)

Polling page: 0x00000232367f0000

Metaspace:

Usage:
  Non-class:     21.95 MB used.
      Class:      2.98 MB used.
       Both:     24.92 MB used.

Virtual space:
  Non-class space:       24.00 MB reserved,      22.06 MB ( 92%) committed,  3 nodes.
      Class space:        1.00 GB reserved,       3.12 MB ( <1%) committed,  1 nodes.
             Both:        1.02 GB reserved,      25.19 MB (  2%) committed. 

Chunk freelists:
   Non-Class:  1.95 MB
       Class:  879.00 KB
        Both:  2.81 MB

MaxMetaspaceSize: unlimited
CompressedClassSpaceSize: 1.00 GB
Initial GC threshold: 21.00 MB
Current GC threshold: 35.25 MB
CDS: on
MetaspaceReclaimPolicy: balanced
 - commit_granule_bytes: 65536.
 - commit_granule_words: 8192.
 - virtual_space_node_default_size: 1048576.
 - enlarge_chunks_in_place: 1.
 - new_chunks_are_fully_committed: 0.
 - uncommit_free_chunks: 1.
 - use_allocation_guard: 0.
 - handle_deallocations: 1.


Internal statistics:

num_allocs_failed_limit: 3.
num_arena_births: 140.
num_arena_deaths: 0.
num_vsnodes_births: 4.
num_vsnodes_deaths: 0.
num_space_committed: 403.
num_space_uncommitted: 0.
num_chunks_returned_to_freelist: 3.
num_chunks_taken_from_freelist: 1034.
num_chunk_merges: 3.
num_chunk_splits: 759.
num_chunks_enlarged: 612.
num_purges: 0.
num_inconsistent_stats: 0.

CodeHeap 'non-profiled nmethods': size=120000Kb used=2475Kb max_used=2475Kb free=117524Kb
 bounds [0x0000023246370000, 0x00000232465e0000, 0x000002324d8a0000]
CodeHeap 'profiled nmethods': size=120000Kb used=10218Kb max_used=10218Kb free=109781Kb
 bounds [0x000002323e8a0000, 0x000002323f2a0000, 0x0000023245dd0000]
CodeHeap 'non-nmethods': size=5760Kb used=1211Kb max_used=1274Kb free=4548Kb
 bounds [0x0000023245dd0000, 0x0000023246040000, 0x0000023246370000]
 total_blobs=5536 nmethods=5027 adapters=421
 compilation: enabled
              stopped_count=0, restarted_count=0
 full_count=0

Compilation events (20 events):
Event: 1.914 Thread 0x000002325ac1ac90 nmethod 4948 0x000002323f27b790 code [0x000002323f27b960, 0x000002323f27bd88]
Event: 1.914 Thread 0x000002325ac1ac90 4947       3       jdk.nio.zipfs.ZipFileSystem::hasDotOrDotDot (80 bytes)
Event: 1.915 Thread 0x000002325ac1ac90 nmethod 4947 0x000002323f27bf90 code [0x000002323f27c160, 0x000002323f27c568]
Event: 1.915 Thread 0x000002325ac1ac90 4946       1       jdk.nio.zipfs.ZipFileSystem$IndexNode::hashCode (5 bytes)
Event: 1.915 Thread 0x000002325ac1ac90 nmethod 4946 0x00000232465cf410 code [0x00000232465cf5a0, 0x00000232465cf678]
Event: 1.915 Thread 0x000002325ac1ac90 4949       3       jdk.internal.misc.Unsafe::getLongUnaligned (173 bytes)
Event: 1.915 Thread 0x000002325ac1ac90 nmethod 4949 0x000002323f27c710 code [0x000002323f27c8e0, 0x000002323f27cd08]
Event: 1.915 Thread 0x000002325ac1ac90 4950       3       jdk.nio.zipfs.ZipFileSystem$ParentLookup::name (43 bytes)
Event: 1.915 Thread 0x000002325ac1ac90 nmethod 4950 0x000002323f27ce10 code [0x000002323f27cfc0, 0x000002323f27d218]
Event: 1.915 Thread 0x000002325ac1ac90 4953       3       jdk.nio.zipfs.ZipFileSystem::getParentOff (40 bytes)
Event: 1.915 Thread 0x000002325ac1ac90 nmethod 4953 0x000002323f27d390 code [0x000002323f27d540, 0x000002323f27d7d8]
Event: 1.915 Thread 0x000002325ac1ac90 4952       3       jdk.internal.util.ArraysSupport::vectorizedMismatch (268 bytes)
Event: 1.915 Thread 0x000002325ac1ac90 nmethod 4952 0x000002323f27d910 code [0x000002323f27dae0, 0x000002323f27df38]
Event: 1.915 Thread 0x000002325ac1ac90 4955       3       jdk.internal.util.ArraysSupport::mismatch (103 bytes)
Event: 1.915 Thread 0x000002325ac1ac90 nmethod 4955 0x000002323f27e090 code [0x000002323f27e260, 0x000002323f27e698]
Event: 1.915 Thread 0x000002325ac1ac90 4951       3       jdk.nio.zipfs.ZipFileSystem$ParentLookup::equals (34 bytes)
Event: 1.916 Thread 0x000002325ac1ac90 nmethod 4951 0x000002323f27e890 code [0x000002323f27ea40, 0x000002323f27ee08]
Event: 1.916 Thread 0x000002325ac1ac90 4954       3       java.util.Arrays::equals (56 bytes)
Event: 1.916 Thread 0x000002325ac1ac90 nmethod 4954 0x000002323f27ef10 code [0x000002323f27f0e0, 0x000002323f27f388]
Event: 1.916 Thread 0x000002325ac1ac90 4956       3       java.util.Map::entry (10 bytes)

GC Heap History (6 events):
Event: 0.355 GC heap before
{Heap before GC invocations=0 (full 0):
 garbage-first heap   total 260096K, used 22528K [0x0000000702800000, 0x0000000800000000)
  region size 2048K, 11 young (22528K), 0 survivors (0K)
 Metaspace       used 5135K, committed 5312K, reserved 1056768K
  class space    used 614K, committed 704K, reserved 1048576K
}
Event: 0.358 GC heap after
{Heap after GC invocations=1 (full 0):
 garbage-first heap   total 260096K, used 3853K [0x0000000702800000, 0x0000000800000000)
  region size 2048K, 2 young (4096K), 2 survivors (4096K)
 Metaspace       used 5135K, committed 5312K, reserved 1056768K
  class space    used 614K, committed 704K, reserved 1048576K
}
Event: 0.692 GC heap before
{Heap before GC invocations=1 (full 0):
 garbage-first heap   total 260096K, used 34573K [0x0000000702800000, 0x0000000800000000)
  region size 2048K, 17 young (34816K), 2 survivors (4096K)
 Metaspace       used 9857K, committed 9984K, reserved 1064960K
  class space    used 1215K, committed 1280K, reserved 1048576K
}
Event: 0.694 GC heap after
{Heap after GC invocations=2 (full 0):
 garbage-first heap   total 260096K, used 5577K [0x0000000702800000, 0x0000000800000000)
  region size 2048K, 2 young (4096K), 2 survivors (4096K)
 Metaspace       used 9857K, committed 9984K, reserved 1064960K
  class space    used 1215K, committed 1280K, reserved 1048576K
}
Event: 1.647 GC heap before
{Heap before GC invocations=2 (full 0):
 garbage-first heap   total 260096K, used 99785K [0x0000000702800000, 0x0000000800000000)
  region size 2048K, 49 young (100352K), 2 survivors (4096K)
 Metaspace       used 21261K, committed 21504K, reserved 1073152K
  class space    used 2541K, committed 2688K, reserved 1048576K
}
Event: 1.652 GC heap after
{Heap after GC invocations=3 (full 0):
 garbage-first heap   total 260096K, used 12670K [0x0000000702800000, 0x0000000800000000)
  region size 2048K, 5 young (10240K), 5 survivors (10240K)
 Metaspace       used 21261K, committed 21504K, reserved 1073152K
  class space    used 2541K, committed 2688K, reserved 1048576K
}

Deoptimization events (20 events):
Event: 1.888 Thread 0x0000023237015620 Uncommon trap: trap_request=0xffffffde fr.pc=0x00000232465b9970 relative=0x0000000000002310
Event: 1.888 Thread 0x0000023237015620 Uncommon trap: reason=class_check action=maybe_recompile pc=0x00000232465b9970 method=java.util.regex.Pattern$Start.<init>(Ljava/util/regex/Pattern$Node;)V @ 22 c2
Event: 1.888 Thread 0x0000023237015620 DEOPT PACKING pc=0x00000232465b9970 sp=0x0000004b403fd250
Event: 1.888 Thread 0x0000023237015620 DEOPT UNPACKING pc=0x0000023245e223a3 sp=0x0000004b403fd1b0 mode 2
Event: 1.889 Thread 0x0000023237015620 Uncommon trap: trap_request=0xffffffde fr.pc=0x00000232464fbc48 relative=0x00000000000015a8
Event: 1.889 Thread 0x0000023237015620 Uncommon trap: reason=class_check action=maybe_recompile pc=0x00000232464fbc48 method=java.util.zip.InflaterInputStream.read([BII)I @ 100 c2
Event: 1.889 Thread 0x0000023237015620 DEOPT PACKING pc=0x00000232464fbc48 sp=0x0000004b403fce70
Event: 1.889 Thread 0x0000023237015620 DEOPT UNPACKING pc=0x0000023245e223a3 sp=0x0000004b403fcec0 mode 2
Event: 1.890 Thread 0x0000023237015620 Uncommon trap: trap_request=0xffffffde fr.pc=0x00000232464fbc48 relative=0x00000000000015a8
Event: 1.890 Thread 0x0000023237015620 Uncommon trap: reason=class_check action=maybe_recompile pc=0x00000232464fbc48 method=java.util.zip.InflaterInputStream.read([BII)I @ 100 c2
Event: 1.890 Thread 0x0000023237015620 DEOPT PACKING pc=0x00000232464fbc48 sp=0x0000004b403fce70
Event: 1.890 Thread 0x0000023237015620 DEOPT UNPACKING pc=0x0000023245e223a3 sp=0x0000004b403fcec0 mode 2
Event: 1.894 Thread 0x0000023237015620 Uncommon trap: trap_request=0xffffffde fr.pc=0x000002324639e034 relative=0x0000000000001134
Event: 1.894 Thread 0x0000023237015620 Uncommon trap: reason=class_check action=maybe_recompile pc=0x000002324639e034 method=jdk.internal.loader.URLClassPath.getLoader(I)Ljdk/internal/loader/URLClassPath$Loader; @ 88 c2
Event: 1.894 Thread 0x0000023237015620 DEOPT PACKING pc=0x000002324639e034 sp=0x0000004b403fd3c0
Event: 1.894 Thread 0x0000023237015620 DEOPT UNPACKING pc=0x0000023245e223a3 sp=0x0000004b403fd3c0 mode 2
Event: 1.894 Thread 0x0000023237015620 Uncommon trap: trap_request=0xffffffde fr.pc=0x000002324639e034 relative=0x0000000000001134
Event: 1.894 Thread 0x0000023237015620 Uncommon trap: reason=class_check action=maybe_recompile pc=0x000002324639e034 method=jdk.internal.loader.URLClassPath.getLoader(I)Ljdk/internal/loader/URLClassPath$Loader; @ 88 c2
Event: 1.894 Thread 0x0000023237015620 DEOPT PACKING pc=0x000002324639e034 sp=0x0000004b403fd3c0
Event: 1.894 Thread 0x0000023237015620 DEOPT UNPACKING pc=0x0000023245e223a3 sp=0x0000004b403fd3c0 mode 2

Classes unloaded (0 events):
No events

Classes redefined (0 events):
No events

Internal exceptions (20 events):
Event: 1.774 Thread 0x0000023237015620 Exception <a 'sun/nio/fs/WindowsException'{0x0000000704ca2118}> (0x0000000704ca2118) 
thrown [s\open\src\hotspot\share\prims\jni.cpp, line 516]
Event: 1.774 Thread 0x0000023237015620 Exception <a 'sun/nio/fs/WindowsException'{0x0000000704ca34e8}> (0x0000000704ca34e8) 
thrown [s\open\src\hotspot\share\prims\jni.cpp, line 516]
Event: 1.774 Thread 0x0000023237015620 Exception <a 'sun/nio/fs/WindowsException'{0x0000000704ca37b8}> (0x0000000704ca37b8) 
thrown [s\open\src\hotspot\share\prims\jni.cpp, line 516]
Event: 1.774 Thread 0x0000023237015620 Exception <a 'sun/nio/fs/WindowsException'{0x0000000704ca4d88}> (0x0000000704ca4d88) 
thrown [s\open\src\hotspot\share\prims\jni.cpp, line 516]
Event: 1.774 Thread 0x0000023237015620 Exception <a 'sun/nio/fs/WindowsException'{0x0000000704ca50a8}> (0x0000000704ca50a8) 
thrown [s\open\src\hotspot\share\prims\jni.cpp, line 516]
Event: 1.774 Thread 0x0000023237015620 Exception <a 'sun/nio/fs/WindowsException'{0x0000000704ca6568}> (0x0000000704ca6568) 
thrown [s\open\src\hotspot\share\prims\jni.cpp, line 516]
Event: 1.774 Thread 0x0000023237015620 Exception <a 'sun/nio/fs/WindowsException'{0x0000000704ca6910}> (0x0000000704ca6910) 
thrown [s\open\src\hotspot\share\prims\jni.cpp, line 516]
Event: 1.787 Thread 0x0000023237015620 Exception <a 'java/lang/NoSuchMethodError'{0x0000000704963228}: 'java.lang.Object java.lang.invoke.DirectMethodHandle$Holder.invokeStatic(java.lang.Object, java.lang.Object, int, int)'> (0x0000000704963228) 
thrown [s\open\src\hotspot\share\interpreter\linkResolver.cpp, line 759]
Event: 1.867 Thread 0x0000023237015620 Exception <a 'sun/nio/fs/WindowsException'{0x000000070402da10}> (0x000000070402da10) 
thrown [s\open\src\hotspot\share\prims\jni.cpp, line 516]
Event: 1.871 Thread 0x0000023237015620 Exception <a 'sun/nio/fs/WindowsException'{0x000000070403f428}> (0x000000070403f428) 
thrown [s\open\src\hotspot\share\prims\jni.cpp, line 516]
Event: 1.891 Thread 0x0000023237015620 Exception <a 'sun/nio/fs/WindowsException'{0x000000070416c178}> (0x000000070416c178) 
thrown [s\open\src\hotspot\share\prims\jni.cpp, line 516]
Event: 1.891 Thread 0x0000023237015620 Exception <a 'sun/nio/fs/WindowsException'{0x000000070416c4b8}> (0x000000070416c4b8) 
thrown [s\open\src\hotspot\share\prims\jni.cpp, line 516]
Event: 1.893 Thread 0x0000023237015620 Exception <a 'sun/nio/fs/WindowsException'{0x00000007041cec08}> (0x00000007041cec08) 
thrown [s\open\src\hotspot\share\prims\jni.cpp, line 516]
Event: 1.893 Thread 0x0000023237015620 Exception <a 'sun/nio/fs/WindowsException'{0x00000007041cee38}> (0x00000007041cee38) 
thrown [s\open\src\hotspot\share\prims\jni.cpp, line 516]
Event: 1.897 Thread 0x0000023237015620 Exception <a 'sun/nio/fs/WindowsException'{0x0000000703e04838}> (0x0000000703e04838) 
thrown [s\open\src\hotspot\share\prims\jni.cpp, line 516]
Event: 1.897 Thread 0x0000023237015620 Exception <a 'sun/nio/fs/WindowsException'{0x0000000703e04b98}> (0x0000000703e04b98) 
thrown [s\open\src\hotspot\share\prims\jni.cpp, line 516]
Event: 1.897 Thread 0x0000023237015620 Exception <a 'sun/nio/fs/WindowsException'{0x0000000703e05d10}> (0x0000000703e05d10) 
thrown [s\open\src\hotspot\share\prims\jni.cpp, line 516]
Event: 1.897 Thread 0x0000023237015620 Exception <a 'sun/nio/fs/WindowsException'{0x0000000703e06130}> (0x0000000703e06130) 
thrown [s\open\src\hotspot\share\prims\jni.cpp, line 516]
Event: 1.897 Thread 0x0000023237015620 Exception <a 'sun/nio/fs/WindowsException'{0x0000000703e07338}> (0x0000000703e07338) 
thrown [s\open\src\hotspot\share\prims\jni.cpp, line 516]
Event: 1.897 Thread 0x0000023237015620 Exception <a 'sun/nio/fs/WindowsException'{0x0000000703e076c8}> (0x0000000703e076c8) 
thrown [s\open\src\hotspot\share\prims\jni.cpp, line 516]

VM Operations (20 events):
Event: 1.659 Executing VM operation: G1Concurrent
Event: 1.660 Executing VM operation: G1Concurrent done
Event: 1.684 Executing VM operation: HandshakeAllThreads
Event: 1.684 Executing VM operation: HandshakeAllThreads done
Event: 1.685 Executing VM operation: HandshakeAllThreads
Event: 1.685 Executing VM operation: HandshakeAllThreads done
Event: 1.720 Executing VM operation: HandshakeAllThreads
Event: 1.720 Executing VM operation: HandshakeAllThreads done
Event: 1.720 Executing VM operation: HandshakeAllThreads
Event: 1.720 Executing VM operation: HandshakeAllThreads done
Event: 1.723 Executing VM operation: HandshakeAllThreads
Event: 1.723 Executing VM operation: HandshakeAllThreads done
Event: 1.750 Executing VM operation: HandshakeAllThreads
Event: 1.750 Executing VM operation: HandshakeAllThreads done
Event: 1.752 Executing VM operation: HandshakeAllThreads
Event: 1.752 Executing VM operation: HandshakeAllThreads done
Event: 1.793 Executing VM operation: HandshakeAllThreads
Event: 1.793 Executing VM operation: HandshakeAllThreads done
Event: 1.837 Executing VM operation: ICBufferFull
Event: 1.837 Executing VM operation: ICBufferFull done

Events (20 events):
Event: 1.910 loading class java/nio/file/attribute/PosixFileAttributeView done
Event: 1.910 loading class java/nio/file/attribute/UserDefinedFileAttributeView
Event: 1.910 loading class java/nio/file/attribute/UserDefinedFileAttributeView done
Event: 1.910 loading class java/nio/file/attribute/GroupPrincipal
Event: 1.910 loading class java/nio/file/attribute/GroupPrincipal done
Event: 1.911 loading class sun/nio/fs/WindowsSecurity
Event: 1.911 loading class sun/nio/fs/WindowsSecurity done
Event: 1.911 loading class sun/nio/fs/WindowsFileStore
Event: 1.911 loading class sun/nio/fs/WindowsFileStore done
Event: 1.913 loading class java/nio/channels/spi/AbstractInterruptibleChannel$1
Event: 1.913 loading class sun/nio/ch/Interruptible
Event: 1.913 loading class sun/nio/ch/Interruptible done
Event: 1.913 loading class java/nio/channels/spi/AbstractInterruptibleChannel$1 done
Event: 1.916 loading class java/time/DateTimeException
Event: 1.916 loading class java/time/DateTimeException done
Event: 1.916 loading class java/util/regex/PatternSyntaxException
Event: 1.916 loading class java/util/regex/PatternSyntaxException done
Event: 1.916 loading class java/time/zone/ZoneRulesProvider
Event: 1.916 loading class java/time/zone/ZoneRulesProvider done
Event: 1.916 loading class java/time/zone/ZoneRulesProvider$1


Dynamic libraries:
0x00007ff6d82b0000 - 0x00007ff6d82c0000 	C:\Program Files\Java\jdk-17\bin\java.exe
0x00007ff8a4fa0000 - 0x00007ff8a51a9000 	C:\WINDOWS\SYSTEM32\ntdll.dll
0x00007ff8a3ee0000 - 0x00007ff8a3f9e000 	C:\WINDOWS\System32\KERNEL32.DLL
0x00007ff8a2a80000 - 0x00007ff8a2e03000 	C:\WINDOWS\System32\KERNELBASE.dll
0x00007ff8a2750000 - 0x00007ff8a2861000 	C:\WINDOWS\System32\ucrtbase.dll
0x00007ff86aca0000 - 0x00007ff86acbb000 	C:\Program Files\Java\jdk-17\bin\VCRUNTIME140.dll
0x00007ff876190000 - 0x00007ff8761a9000 	C:\Program Files\Java\jdk-17\bin\jli.dll
0x00007ff8a31f0000 - 0x00007ff8a329e000 	C:\WINDOWS\System32\ADVAPI32.dll
0x00007ff8a3e30000 - 0x00007ff8a3ed3000 	C:\WINDOWS\System32\msvcrt.dll
0x00007ff8a46c0000 - 0x00007ff8a475e000 	C:\WINDOWS\System32\sechost.dll
0x00007ff8a34c0000 - 0x00007ff8a35e1000 	C:\WINDOWS\System32\RPCRT4.dll
0x00007ff8a32a0000 - 0x00007ff8a344d000 	C:\WINDOWS\System32\USER32.dll
0x00007ff88e250000 - 0x00007ff88e4f5000 	C:\WINDOWS\WinSxS\amd64_microsoft.windows.common-controls_6595b64144ccf1df_6.0.22000.120_none_9d947278b86cc467\COMCTL32.dll
0x00007ff8a2510000 - 0x00007ff8a2536000 	C:\WINDOWS\System32\win32u.dll
0x00007ff8a31b0000 - 0x00007ff8a31d9000 	C:\WINDOWS\System32\GDI32.dll
0x00007ff8a25b0000 - 0x00007ff8a26ca000 	C:\WINDOWS\System32\gdi32full.dll
0x00007ff8a2870000 - 0x00007ff8a290d000 	C:\WINDOWS\System32\msvcp_win.dll
0x00007ff89ec80000 - 0x00007ff89ec8a000 	C:\WINDOWS\SYSTEM32\VERSION.dll
0x00007ff8a4410000 - 0x00007ff8a4441000 	C:\WINDOWS\System32\IMM32.DLL
0x00007ff885f80000 - 0x00007ff885f8c000 	C:\Program Files\Java\jdk-17\bin\vcruntime140_1.dll
0x00007ff832c20000 - 0x00007ff832cae000 	C:\Program Files\Java\jdk-17\bin\msvcp140.dll
0x00007fffe89c0000 - 0x00007fffe959d000 	C:\Program Files\Java\jdk-17\bin\server\jvm.dll
0x00007ff8a31e0000 - 0x00007ff8a31e8000 	C:\WINDOWS\System32\PSAPI.DLL
0x00007ff89ea00000 - 0x00007ff89ea33000 	C:\WINDOWS\SYSTEM32\WINMM.dll
0x00007ff895350000 - 0x00007ff895359000 	C:\WINDOWS\SYSTEM32\WSOCK32.dll
0x00007ff8a3450000 - 0x00007ff8a34bf000 	C:\WINDOWS\System32\WS2_32.dll
0x00007ff8a14d0000 - 0x00007ff8a14e8000 	C:\WINDOWS\SYSTEM32\kernel.appcore.dll
0x00007ff87eb60000 - 0x00007ff87eb6a000 	C:\Program Files\Java\jdk-17\bin\jimage.dll
0x00007ff89de30000 - 0x00007ff89e051000 	C:\WINDOWS\SYSTEM32\DBGHELP.DLL
0x00007ff89b260000 - 0x00007ff89b291000 	C:\WINDOWS\SYSTEM32\dbgcore.DLL
0x00007ff8a26d0000 - 0x00007ff8a274f000 	C:\WINDOWS\System32\bcryptPrimitives.dll
0x00007ff84b320000 - 0x00007ff84b345000 	C:\Program Files\Java\jdk-17\bin\java.dll
0x00007ff830000000 - 0x00007ff8300d7000 	C:\Program Files\Java\jdk-17\bin\jsvml.dll
0x00007ff8a35f0000 - 0x00007ff8a3db5000 	C:\WINDOWS\System32\SHELL32.dll
0x00007ff8a0530000 - 0x00007ff8a0d94000 	C:\WINDOWS\SYSTEM32\windows.storage.dll
0x00007ff8a4880000 - 0x00007ff8a4bf6000 	C:\WINDOWS\System32\combase.dll
0x00007ff8a03c0000 - 0x00007ff8a0527000 	C:\WINDOWS\SYSTEM32\wintypes.dll
0x00007ff8a30a0000 - 0x00007ff8a318a000 	C:\WINDOWS\System32\SHCORE.dll
0x00007ff8a4cf0000 - 0x00007ff8a4d4d000 	C:\WINDOWS\System32\shlwapi.dll
0x00007ff8a2380000 - 0x00007ff8a23a1000 	C:\WINDOWS\SYSTEM32\profapi.dll
0x00007ff86aa60000 - 0x00007ff86aa79000 	C:\Program Files\Java\jdk-17\bin\net.dll
0x00007ff89e7a0000 - 0x00007ff89e8b2000 	C:\WINDOWS\SYSTEM32\WINHTTP.dll
0x00007ff8a1970000 - 0x00007ff8a19d7000 	C:\WINDOWS\system32\mswsock.dll
0x00007ff861fe0000 - 0x00007ff861ff6000 	C:\Program Files\Java\jdk-17\bin\nio.dll
0x00007ff853260000 - 0x00007ff853278000 	C:\Program Files\Java\jdk-17\bin\zip.dll
0x0000000069ac0000 - 0x0000000069ae4000 	C:\Program Files\apache-maven-3.9.1\lib\jansi-native\Windows\x86_64\jansi.dll
0x00007ff87ab80000 - 0x00007ff87ab90000 	C:\Program Files\Java\jdk-17\bin\verify.dll

dbghelp: loaded successfully - version: 4.0.5 - missing functions: none
symbol engine: initialized successfully - sym options: 0x614 - pdb path: .;C:\Program Files\Java\jdk-17\bin;C:\WINDOWS\SYSTEM32;C:\WINDOWS\WinSxS\amd64_microsoft.windows.common-controls_6595b64144ccf1df_6.0.22000.120_none_9d947278b86cc467;C:\Program Files\Java\jdk-17\bin\server;C:\Program Files\apache-maven-3.9.1\lib\jansi-native\Windows\x86_64

VM Arguments:
jvm_args: -Dclassworlds.conf=C:/Program Files/apache-maven-3.9.1/bin/m2.conf -Dmaven.home=C:/Program Files/apache-maven-3.9.1 -Dlibrary.jansi.path=C:/Program Files/apache-maven-3.9.1/lib/jansi-native -Dmaven.multiModuleProjectDirectory=C:/Users/Andrea Barutta/Desktop/Assignment 2/MTSS_Assignment_2 
java_command: org.codehaus.plexus.classworlds.launcher.Launcher verify
java_class_path (initial): C:/Program Files/apache-maven-3.9.1/boot/plexus-classworlds-2.6.0.jar
Launcher Type: SUN_STANDARD

[Global flags]
     intx CICompilerCount                          = 4                                         {product} {ergonomic}
     uint ConcGCThreads                            = 3                                         {product} {ergonomic}
     uint G1ConcRefinementThreads                  = 10                                        {product} {ergonomic}
   size_t G1HeapRegionSize                         = 2097152                                   {product} {ergonomic}
    uintx GCDrainStackTargetSize                   = 64                                        {product} {ergonomic}
   size_t InitialHeapSize                          = 266338304                                 {product} {ergonomic}
   size_t MarkStackSize                            = 4194304                                   {product} {ergonomic}
   size_t MaxHeapSize                              = 4253024256                                {product} {ergonomic}
   size_t MaxNewSize                               = 2550136832                                {product} {ergonomic}
   size_t MinHeapDeltaBytes                        = 2097152                                   {product} {ergonomic}
   size_t MinHeapSize                              = 8388608                                   {product} {ergonomic}
    uintx NonNMethodCodeHeapSize                   = 5839372                                {pd product} {ergonomic}
    uintx NonProfiledCodeHeapSize                  = 122909434                              {pd product} {ergonomic}
    uintx ProfiledCodeHeapSize                     = 122909434                              {pd product} {ergonomic}
    uintx ReservedCodeCacheSize                    = 251658240                              {pd product} {ergonomic}
     bool SegmentedCodeCache                       = true                                      {product} {ergonomic}
   size_t SoftMaxHeapSize                          = 4253024256                             {manageable} {ergonomic}
     bool UseCompressedClassPointers               = true                           {product lp64_product} {ergonomic}
     bool UseCompressedOops                        = true                           {product lp64_product} {ergonomic}
     bool UseG1GC                                  = true                                      {product} {ergonomic}
     bool UseLargePagesIndividualAllocation        = false                                  {pd product} {ergonomic}

Logging:
Log output configuration:
 #0: stdout all=warning uptime,level,tags
 #1: stderr all=off uptime,level,tags

Environment Variables:
JAVA_HOME=C:/Program Files/Java/jdk-17
PATH=C:\Users\Andrea Barutta\bin;C:\Program Files\Git\mingw64\bin;C:\Program Files\Git\usr\local\bin;C:\Program Files\Git\usr\bin;C:\Program Files\Git\usr\bin;C:\Program Files\Git\mingw64\bin;C:\Program Files\Git\usr\bin;C:\Users\Andrea Barutta\bin;C:\Program Files\Common Files\Oracle\Java\javapath;C:\MinGW\bin;C:\WINDOWS\system32;C:\WINDOWS;C:\WINDOWS\System32\Wbem;C:\WINDOWS\System32\WindowsPowerShell\v1.0;C:\WINDOWS\System32\OpenSSH;C:\Program Files\nodejs;C:\Program Files\apache-maven-3.9.1\bin;C:\Program Files\Java\jdk-17\bin;C:\Users\Andrea Barutta\AppData\Local\Microsoft\WindowsApps;C:\Users\Andrea Barutta\AppData\Local\Programs\Microsoft VS Code\bin;C:\Program Files\heroku\bin;C:\Users\Andrea Barutta\AppData\Roaming\npm;C:\Program Files\Git\usr\bin\vendor_perl;C:\Program Files\Git\usr\bin\core_perl
USERNAME=Andrea Barutta
SHELL=C:\Program Files\Git\usr\bin\bash.exe
DISPLAY=needs-to-be-defined
LC_CTYPE=it_IT.UTF-8
OS=Windows_NT
PROCESSOR_IDENTIFIER=Intel64 Family 6 Model 165 Stepping 3, GenuineIntel



---------------  S Y S T E M  ---------------

OS:
 Windows 11 , 64 bit Build 22000 (10.0.22000.1761)
OS uptime: 22 days 20:17 hours

CPU: total 12 (initial active 12) (6 cores per cpu, 2 threads per core) family 6 model 165 stepping 3 microcode 0xe0, cx8, cmov, fxsr, ht, mmx, 3dnowpref, sse, sse2, sse3, ssse3, sse4.1, sse4.2, popcnt, lzcnt, tsc, tscinvbit, avx, avx2, aes, erms, clmul, bmi1, bmi2, adx, fma, vzeroupper, clflush, clflushopt

Memory: 4k page, system-wide physical 16216M (6329M free)
TotalPageFile size 18648M (AvailPageFile size 3097M)
current process WorkingSet (physical memory assigned to process): 160M, peak: 213M
current process commit charge ("private bytes"): 213M, peak: 412M

vm_info: Java HotSpot(TM) 64-Bit Server VM (17.0.7+8-LTS-224) for windows-amd64 JRE (17.0.7+8-LTS-224), built on Feb 28 2023 23:03:02 by "mach5one" with MS VC++ 17.1 (VS2022)

END.
